Reading from complete.tnt 
Matrix (80x11, 16 states). Memory required for data: 0.11 Mbytes 
ON 
Again reading from complete.run 
Space for 1000000 trees in memory 
Random seed is 0 
Tree file: complete.tre 
Outgroup is taxon 8  -  Acestrorhynchus 
Implicit enumeration, 1 trees found, score 118. 
 
Tree 0 (last tree in memory): 
     ,--8 Acestrorhynchus
     |         ,--10 Serrasalmus_rhombeus
|--11|    ,--20---9 Myloplus_schomburgkii
     |    |         ,--7 C_septenarius
     `--17|    ,--19---6 C_gibbus
          |    |    ,--3 H_wallacei
          `--16|    |    ,--5 R_vulpinus
               `--15|    |         ,--4 H_scomberoides
                    `--14|    ,--12---0 Hydrolycus_MUN_16211
                         `--13|    ,--2 H_tatauaia
                              `--18---1 H_armatus
 
Reading from STATSALL.RUN 
Running STATSALL.RUN with arguments: 1 
 
Macro language is OFF 
20 loops and 553 user variables 
Protection mode for macros is 1 
Macro language is ON 
Macros: 28.8 Kb in use, 171.1 Kb free
=======================================
=Specify fit concavity as an argument!=
=======================================
Weighting strength is 1.00000 
Total fit 
 
             0    
                  
      0  58.16667 
 
Consistency Index of characters-tree 0  
 
             0         1         2         3         4         5         6         7         8         9    
                                                                                                            
      0  1.000000  1.000000  1.000000  0.666667  1.000000  1.000000  1.000000  0.500000  1.000000  1.000000 
     10  1.000000  1.000000  1.000000  1.000000  1.000000  0.500000  0.333333  0.666667  1.000000  1.000000 
     20  0.333333  0.800000  1.000000  0.500000  1.000000  1.000000  1.000000  1.000000  1.000000  1.000000 
     30  1.000000  0.500000  1.000000  1.000000  1.000000  1.000000  1.000000  1.000000  1.000000  1.000000 
     40  1.000000  1.000000  1.000000  1.000000  1.000000  0.666667  1.000000  1.000000  0.500000  1.000000 
     50  1.000000  1.000000  1.000000  0.500000  1.000000  1.000000  1.000000  1.000000  0.500000  1.000000 
     60  1.000000  1.000000  1.000000  1.000000  1.000000  1.000000  1.000000  1.000000  1.000000  1.000000 
     70  1.000000  1.000000  0.666667  0.500000  1.000000  1.000000  1.000000  0.500000  0.750000  1.000000 
 
Homoplasy Index of characters-tree 0  
 
             0         1         2         3         4         5         6         7         8         9    
                                                                                                            
      0  0.000000  0.000000  0.000000  0.333333  0.000000  0.000000  0.000000  0.500000  0.000000  0.000000 
     10  0.000000  0.000000  0.000000  0.000000  0.000000  0.500000  0.666667  0.333333  0.000000  0.000000 
     20  0.666667  0.200000  0.000000  0.500000  0.000000  0.000000  0.000000  0.000000  0.000000  0.000000 
     30  0.000000  0.500000  0.000000  0.000000  0.000000  0.000000  0.000000  0.000000  0.000000  0.000000 
     40  0.000000  0.000000  0.000000  0.000000  0.000000  0.333333  0.000000  0.000000  0.500000  0.000000 
     50  0.000000  0.000000  0.000000  0.500000  0.000000  0.000000  0.000000  0.000000  0.500000  0.000000 
     60  0.000000  0.000000  0.000000  0.000000  0.000000  0.000000  0.000000  0.000000  0.000000  0.000000 
     70  0.000000  0.000000  0.333333  0.500000  0.000000  0.000000  0.000000  0.500000  0.250000  0.000000 
 
Retention Index of characters-tree 0  
 
             0         1         2         3         4         5         6         7         8         9    
                                                                                                            
      0  1.000000  1.000000  1.000000  0.750000  1.000000  1.000000  1.000000  0.666667  1.000000  1.000000 
     10  1.000000  1.000000  1.000000  1.000000  1.000000  0.666667  0.333333  0.500000  1.000000  1.000000 
     20  0.333333  0.500000  1.000000  0.500000  1.000000  1.000000  1.000000  1.000000  1.000000  1.000000 
     30  1.000000  0.666667  1.000000  1.000000  1.000000  1.000000  1.000000  1.000000  1.000000  1.000000 
     40  1.000000  1.000000  1.000000  1.000000  1.000000  0.666667  1.000000  1.000000  0.500000  1.000000 
     50  1.000000  1.000000  1.000000  0.666667  1.000000  1.000000  1.000000  1.000000  0.500000  1.000000 
     60  1.000000  1.000000  1.000000  1.000000  1.000000  1.000000  1.000000  1.000000  1.000000  1.000000 
     70  1.000000  1.000000  0.500000  0.500000  1.000000  1.000000  1.000000  0.500000  0.750000  1.000000 
 
Rescaled Consistency Index of characters-tree 0  
 
             0         1         2         3         4         5         6         7         8         9    
                                                                                                            
      0  1.000000  1.000000  1.000000  0.500000  1.000000  1.000000  1.000000  0.333334  1.000000  1.000000 
     10  1.000000  1.000000  1.000000  1.000000  1.000000  0.333334  0.111111  0.333334  1.000000  1.000000 
     20  0.111111  0.400000  1.000000  0.250000  1.000000  1.000000  1.000000  1.000000  1.000000  1.000000 
     30  1.000000  0.333334  1.000000  1.000000  1.000000  1.000000  1.000000  1.000000  1.000000  1.000000 
     40  1.000000  1.000000  1.000000  1.000000  1.000000  0.444445  1.000000  1.000000  0.250000  1.000000 
     50  1.000000  1.000000  1.000000  0.333334  1.000000  1.000000  1.000000  1.000000  0.250000  1.000000 
     60  1.000000  1.000000  1.000000  1.000000  1.000000  1.000000  1.000000  1.000000  1.000000  1.000000 
     70  1.000000  1.000000  0.333334  0.250000  1.000000  1.000000  1.000000  0.250000  0.562500  1.000000 
 
Fitness of characters-tree 0 (conc 1)  
 
             0         1         2         3         4         5         6         7         8         9    
                                                                                                            
      0  1.000000  1.000000  1.000000  0.500000  1.000000  1.000000  1.000000  0.500000  1.000000  1.000000 
     10  1.000000  1.000000  1.000000  1.000000  1.000000  0.500000  0.333333  0.500000  1.000000  1.000000 
     20  0.333333  0.500000  1.000000  0.500000  1.000000  1.000000  1.000000  1.000000  1.000000  1.000000 
     30  1.000000  0.500000  1.000000  1.000000  1.000000  1.000000  1.000000  1.000000  1.000000  1.000000 
     40  1.000000  1.000000  1.000000  1.000000  1.000000  0.500000  1.000000  1.000000  0.500000  1.000000 
     50  1.000000  1.000000  1.000000  0.500000  1.000000  1.000000  1.000000  1.000000  0.500000  1.000000 
     60  1.000000  1.000000  1.000000  1.000000  1.000000  1.000000  1.000000  1.000000  1.000000  1.000000 
     70  1.000000  1.000000  0.500000  0.500000  1.000000  1.000000  1.000000  0.500000  0.500000  1.000000 
 
Consistency Index of trees  
 
             0    
                  
      0  0.838983 
 
Homoplasy Index of trees  
 
             0    
                  
      0  0.161017 
 
Retention Index of trees  
 
             0    
                  
      0  0.871622 
 
Rescaled Consistency Index of trees  
 
             0    
                  
      0  0.731276 
 
Average Consistency Index of trees  
 
             0    
                  
      0  0.904792 
 
Homoplasy Distribution Index of trees  
 
             0    
                  
      0  0.065809 
 
Homoplasy Distribution Ratio of trees  
 
             0    
                  
      0  0.408708 
 
Fitness of trees 
Total fit 
 
             0    
                  
      0  58.16667 
 
(conc 1) 



Report is ON 
Macro designed by Peterson L. Lopes (v. 1.3)
Again reading from complete.run 
Copied legends: "GC values, 10000 replicates, cut=0 (tree 0) - Standard Bootstrap" 
Average group support: 81.2 
 
Copied legends: "GC values, 10000 replicates, cut=0 (tree 0) - Jacknifing (P=36)" 
Average group support: 85.7 
 
Saved tree-tags to file complete.tre 
Copied legends: "Tree 0 (last tree in memory):" 
 
Closing complete.tre (with 1 trees saved)
 
Tree 0 : 
    Hydrolycus_MUN_16211 : 
      No autapomorphies 
    H_armatus : 
      No autapomorphies 
    H_tatauaia : 
      No autapomorphies 
    H_wallacei : 
      Char. 3: 0 --> 1 
      Char. 5: 0 --> 1 
      Char. 16: 1 --> 0 
      Char. 77: 1 --> 0 
    H_scomberoides : 
      No autapomorphies 
    R_vulpinus : 
      Char. 2: 0 --> 1 
      Char. 17: 0 --> 2 
      Char. 44: 1 --> 3 
      Char. 46: 0 --> 1 
      Char. 47: 0 --> 1 
      Char. 48: 0 --> 1 
      Char. 50: 1 --> 2 
      Char. 51: 0 --> 1 
      Char. 53: 1 --> 0 
      Char. 58: 0 --> 1 
      Char. 61: 1 --> 2 
      Char. 64: 1 --> 2 
      Char. 66: 0 --> 1 
      Char. 68: 0 --> 1 
      Char. 74: 0 --> 1 
    C_gibbus : 
      No autapomorphies 
    C_septenarius : 
      No autapomorphies 
    Acestrorhynchus : 
      No autapomorphies 
    Myloplus_schomburgkii : 
      No autapomorphies 
    Serrasalmus_rhombeus : 
      Char. 23: 0 --> 1 
      Char. 73: 0 --> 1 
      Char. 78: 2 --> 3 
   Node 12 : 
      Char. 79: 0 --> 1 
   Node 13 : 
      Char. 3: 0 --> 2 
      Char. 9: 0 --> 1 
      Char. 34: 0 --> 1 
      Char. 69: 0 --> 1 
      Char. 75: 0 --> 1 
   Node 14 : 
      Char. 38: 0 --> 1 
      Char. 45: 0 --> 1 
      Char. 71: 0 --> 1 
      Char. 78: 0 --> 1 
   Node 15 : 
      Char. 10: 0 --> 1 
      Char. 11: 0 --> 1 
      Char. 14: 0 --> 1 
      Char. 25: 0 --> 1 
      Char. 27: 0 --> 1 
   Node 16 : 
      Char. 1: 0 --> 1 
      Char. 7: 1 --> 0 
      Char. 13: 0 --> 1 
      Char. 18: 0 --> 1 
      Char. 22: 0 --> 1 
      Char. 24: 0 --> 1 
      Char. 26: 0 --> 1 
      Char. 29: 0 --> 1 
      Char. 30: 0 --> 1 
      Char. 32: 0 --> 1 
      Char. 35: 0 --> 1 
      Char. 36: 0 --> 1 
      Char. 39: 0 --> 1 
      Char. 42: 0 --> 1 
      Char. 43: 0 --> 1 
      Char. 44: 0 --> 1 
      Char. 49: 0 --> 1 
      Char. 50: 0 --> 1 
      Char. 52: 0 --> 1 
      Char. 53: 0 --> 1 
      Char. 54: 0 --> 1 
      Char. 55: 0 --> 1 
      Char. 56: 0 --> 1 
      Char. 57: 0 --> 1 
      Char. 59: 0 --> 1 
      Char. 60: 0 --> 1 
      Char. 61: 0 --> 1 
      Char. 78: 2 --> 0 
   Node 17 : 
      No synapomorphies 
   Node 18 : 
      Char. 0: 0 --> 1 
      Char. 16: 1 --> 0 
      Char. 19: 2 --> 1 
      Char. 76: 0 --> 1 
      Char. 77: 1 --> 0 
      Char. 78: 1 --> 2 
   Node 19 : 
      Char. 2: 0 --> 2 
      Char. 8: 0 --> 1 
      Char. 17: 0 --> 2 
      Char. 21: 01 --> 2 
      Char. 23: 0 --> 1 
      Char. 41: 0 --> 1 
      Char. 45: 0 --> 2 
      Char. 48: 0 --> 1 
      Char. 58: 0 --> 1 
      Char. 63: 0 --> 1 
      Char. 73: 0 --> 1 
   Node 20 : 
      Char. 3: 0 --> 1 
      Char. 33: 1 --> 0 
      Char. 37: 1 --> 0 
