-------------------------- jModeltest 2.1.10 v20160303 --------------------------
(c) 2011-onwards D. Darriba, G.L. Taboada, R. Doallo and D. Posada,
(1) Department of Biochemistry, Genetics and Immunology
    University of Vigo, 36310 Vigo, Spain.
(2) Department of Electronics and Systems
    University of A Coruna, 15071 A Coruna, Spain.
e-mail: ddarriba@udc.es, dposada@uvigo.es
--------------------------------------------------------------------------------
 
Fri Sep 03 13:46:45 BRT 2021
Linux 5.13.13-arch1-1, arch: amd64, bits: 64, numcores: 4
 
--------------------------------------------------------------------------------
Citation: Darriba D, Taboada GL, Doallo R and Posada D. 2012.
          "jModelTest 2: more models, new heuristics and parallel computing".
          Nature Methods 9(8), 772.
--------------------------------------------------------------------------------
 
jModelTest 2.1.10 v20160303
Copyright (C) 2011 D. Darriba, G.L. Taboada, R. Doallo and D. Posada
This program comes with ABSOLUTELY NO WARRANTY
This is free software, and you are welcome to redistribute it under certain
conditions
 
Notice: This program may contain errors. Please inspect results carefully.
 
 
Arguments = -BIC -d ATPase6-8.fa.renamed.fasta.aligned.fasta.trimmed.fasta -f -i -g 4 -s 3 -t ML -tr 4 -o ATPase6-8.fa.renamed.fasta.aligned.fasta.trimmed.fasta13.46_03_09_2021.out

Reading data file "ATPase6-8.fa.renamed.fasta.aligned.fasta.trimmed.fasta"... OK.
  number of sequences: 4
  number of sites: 783
 
 
---------------------------------------------------------------
*                                                             *
*        COMPUTATION OF LIKELIHOOD SCORES WITH PHYML          *
*                                                             *
---------------------------------------------------------------
 
::Settings::
 
 Phyml version = 20131022
 Phyml binary = phyml
 Phyml path = /home/balleng/programs/jmodeltest2/dist/exe/phyml/
 Candidate models = 24
   number of substitution schemes = 3
   including models with equal/unequal base frequencies (+F)
   including models with/without a proportion of invariable sites (+I)
   including models with/without rate variation among sites (+G) (nCat = 4)
 Optimized free parameters (K) = substitution parameters + 5 branch lengths + topology 
 Base tree for likelihood calculations = ML tree
 Tree topology search operation = BEST
 
 
 
::Progress::
 
Model 		 Exec. Time 	 Total Time 	 -lnL
-------------------------------------------------------------------------
JC+I+G		00h:00:00:04	00h:00:00:04	    2889.0264	 (1/24)
F81+I+G		00h:00:00:05	00h:00:00:05	    2819.3342	 (2/24)
K80+I+G		00h:00:01:01	00h:00:01:05	    2786.2305	 (3/24)
F81+G		00h:00:00:03	00h:00:01:08	    2819.3827	 (4/24)
HKY+I+G		00h:00:01:09	00h:00:01:09	    2706.3348	 (5/24)
SYM+I+G		00h:00:01:07	00h:00:02:02	    2750.4044	 (6/24)
JC+G		00h:00:00:01	00h:00:02:04	    2889.8489	 (7/24)
K80+G		00h:00:00:04	00h:00:02:07	    2786.2349	 (8/24)
HKY+G		00h:00:00:09	00h:00:02:08	    2708.4112	 (9/24)
F81+I		00h:00:00:01	00h:00:02:09	    2821.3627	 (10/24)
HKY+I		00h:00:00:02	00h:00:03:01	    2707.0367	 (11/24)
SYM+G		00h:00:00:06	00h:00:03:03	    2750.9555	 (12/24)
GTR+I+G		00h:00:03:03	00h:00:03:03	    2701.1148	 (13/24)
JC+I		00h:00:00:01	00h:00:03:04	    2889.9458	 (14/24)
K80+I		00h:00:00:01	00h:00:03:05	    2786.9783	 (15/24)
GTR+G		00h:00:01:06	00h:00:03:05	    2702.1812	 (16/24)
F81		00h:00:00:01	00h:00:03:05	    2846.4104	 (17/24)
HKY		00h:00:00:01	00h:00:03:06	    2758.6555	 (18/24)
GTR		00h:00:00:01	00h:00:03:06	    2740.9864	 (19/24)
JC		00h:00:00:01	00h:00:03:07	    2910.2710	 (20/24)
GTR+I		00h:00:00:06	00h:00:03:07	    2701.1269	 (21/24)
K80		00h:00:00:01	00h:00:03:07	    2818.6226	 (22/24)
SYM		00h:00:00:01	00h:00:03:08	    2778.9879	 (23/24)
SYM+I		00h:00:00:04	00h:00:03:08	    2750.4517	 (24/24)
 
   Model = JC
   partition = 000000
   -lnL = 2910.2710
   K = 6 
 
   Model = JC+I
   partition = 000000
   -lnL = 2889.9458
   K = 7
   p-inv = 0.3270 
 
   Model = JC+G
   partition = 000000
   -lnL = 2889.8489
   K = 7
   gamma shape = 0.7880 
 
   Model = JC+I+G
   partition = 000000
   -lnL = 2889.0264
   K = 8
   p-inv = 0.3660
   gamma shape = 99.8240 
 
   Model = F81
   partition = 000000
   -lnL = 2846.4104
   K = 9
   freqA = 0.2610 
   freqC = 0.3096 
   freqG = 0.1278 
   freqT = 0.3017  
 
   Model = F81+I
   partition = 000000
   -lnL = 2821.3627
   K = 10
   freqA = 0.2632 
   freqC = 0.3149 
   freqG = 0.1244 
   freqT = 0.2975 
   p-inv = 0.3410 
 
   Model = F81+G
   partition = 000000
   -lnL = 2819.3827
   K = 10
   freqA = 0.2635 
   freqC = 0.3172 
   freqG = 0.1233 
   freqT = 0.2960 
   gamma shape = 0.6360 
 
   Model = F81+I+G
   partition = 000000
   -lnL = 2819.3342
   K = 11
   freqA = 0.2637 
   freqC = 0.3171 
   freqG = 0.1233 
   freqT = 0.2959 
   p-inv = 0.2170
   gamma shape = 1.3020 
 
   Model = K80
   partition = 010010
   -lnL = 2818.6226
   K = 7
   kappa = 4.1294 (ti/tv = 2.0647) 
 
   Model = K80+I
   partition = 010010
   -lnL = 2786.9783
   K = 8
   kappa = 5.5816 (ti/tv = 2.7908)
   p-inv = 0.4350 
 
   Model = K80+G
   partition = 010010
   -lnL = 2786.2349
   K = 8
   kappa = 6.4695 (ti/tv = 3.2347)
   gamma shape = 0.4740 
 
   Model = K80+I+G
   partition = 010010
   -lnL = 2786.2305
   K = 9
   kappa = 6.4153 (ti/tv = 3.2077)
   p-inv = 0.1930
   gamma shape = 0.7960 
 
   Model = HKY
   partition = 010010
   -lnL = 2758.6555
   K = 10
   freqA = 0.2829 
   freqC = 0.2990 
   freqG = 0.1287 
   freqT = 0.2895 
   kappa = 4.0783 (ti/tv = 2.0704) 
 
   Model = HKY+I
   partition = 010010
   -lnL = 2707.0367
   K = 11
   freqA = 0.2949 
   freqC = 0.3201 
   freqG = 0.1133 
   freqT = 0.2717 
   kappa = 9.0433 (ti/tv = 4.5062)
   p-inv = 0.4940 
 
   Model = HKY+G
   partition = 010010
   -lnL = 2708.4112
   K = 11
   freqA = 0.2963 
   freqC = 0.3151 
   freqG = 0.1144 
   freqT = 0.2742 
   kappa = 12.1931 (ti/tv = 6.0608)
   gamma shape = 0.2730 
 
   Model = HKY+I+G
   partition = 010010
   -lnL = 2706.3348
   K = 12
   freqA = 0.2961 
   freqC = 0.3200 
   freqG = 0.1122 
   freqT = 0.2717 
   kappa = 13.1816 (ti/tv = 6.5564)
   p-inv = 0.4700
   gamma shape = 1.7690 
 
   Model = SYM
   partition = 012345
   -lnL = 2778.9879
   K = 11
   R(a) [AC] =  74.5939
   R(b) [AG] =  126.4265
   R(c) [AT] =  53.1511
   R(d) [CG] =  20.6349
   R(e) [CT] =  198.3928
   R(f) [GT] =  1.0000 
 
   Model = SYM+I
   partition = 012345
   -lnL = 2750.4517
   K = 12
   R(a) [AC] =  67956.5540
   R(b) [AG] =  126101.6960
   R(c) [AT] =  53029.2069
   R(d) [CG] =  15715.2439
   R(e) [CT] =  267708.6256
   R(f) [GT] =  1.0000
   p-inv = 0.4130 
 
   Model = SYM+G
   partition = 012345
   -lnL = 2750.9555
   K = 12
   R(a) [AC] =  72518.5990
   R(b) [AG] =  127625.7142
   R(c) [AT] =  44557.3054
   R(d) [CG] =  11356.2016
   R(e) [CT] =  255262.0512
   R(f) [GT] =  1.0000
   gamma shape = 0.5750 
 
   Model = SYM+I+G
   partition = 012345
   -lnL = 2750.4043
   K = 13
   R(a) [AC] =  54598.3305
   R(b) [AG] =  99382.3979
   R(c) [AT] =  39645.6596
   R(d) [CG] =  11340.1200
   R(e) [CT] =  210096.3275
   R(f) [GT] =  1.0000
   p-inv = 0.3830
   gamma shape = 5.7860 
 
   Model = GTR
   partition = 012345
   -lnL = 2740.9864
   K = 14
   freqA = 0.2696 
   freqC = 0.2955 
   freqG = 0.1372 
   freqT = 0.2978 
   R(a) [AC] =  51.8736
   R(b) [AG] =  147.1621
   R(c) [AT] =  37.5127
   R(d) [CG] =  24.2528
   R(e) [CT] =  132.9755
   R(f) [GT] =  1.0000 
 
   Model = GTR+I
   partition = 012345
   -lnL = 2701.1269
   K = 15
   freqA = 0.2883 
   freqC = 0.3173 
   freqG = 0.1202 
   freqT = 0.2742 
   R(a) [AC] =  12615.0439
   R(b) [AG] =  78422.3933
   R(c) [AT] =  14305.5438
   R(d) [CG] =  7982.5688
   R(e) [CT] =  78714.3334
   R(f) [GT] =  1.0000
   p-inv = 0.4790 
 
   Model = GTR+G
   partition = 012345
   -lnL = 2702.1812
   K = 15
   freqA = 0.2849 
   freqC = 0.3114 
   freqG = 0.1211 
   freqT = 0.2825 
   R(a) [AC] =  15883.9804
   R(b) [AG] =  85705.3153
   R(c) [AT] =  10149.1334
   R(d) [CG] =  4972.3149
   R(e) [CT] =  74072.2357
   R(f) [GT] =  1.0000
   gamma shape = 0.3760 
 
   Model = GTR+I+G
   partition = 012345
   -lnL = 2701.1148
   K = 16
   freqA = 0.2883 
   freqC = 0.3170 
   freqG = 0.1199 
   freqT = 0.2748 
   R(a) [AC] =  12732.0266
   R(b) [AG] =  79494.1588
   R(c) [AT] =  13548.6527
   R(d) [CG] =  7406.5478
   R(e) [CT] =  78775.4602
   R(f) [GT] =  1.0000
   p-inv = 0.4700
   gamma shape = 10.1230 
 
  Best-fit models should be reoptimized for comparison with unconstrained likelihood
 
Computation of likelihood scores completed. It took 00h:00:03:08.
 



---------------------------------------------------------------
*                                                             *
*             BAYESIAN INFORMATION CRITERION (BIC)            *
*                                                             *
---------------------------------------------------------------
 
 Sample size: 783.0
 
 Model selected: 
   Model = HKY+I
   partition = 010010
   -lnL = 2707.0367
   K = 11
   freqA = 0.2949 
   freqC = 0.3201 
   freqG = 0.1133 
   freqT = 0.2717 
   kappa = 9.0433 (ti/tv = 4.5062)
   p-inv = 0.4940 
 
Tree for the best BIC model = (Acestrorhynchus_falcirostris:0.29143158,Acestrorhynchus_microlepis:0.34722461,(Hydrolycus_scomberoides:0.25575179,Rhaphiodon_vulpinus:0.17881733):0.38379384);
 
 
* BIC MODEL SELECTION : Selection uncertainty
 
Model             -lnL    K      BIC       delta       weight   cumWeight
------------------------------------------------------------------------- 
HKY+I       2707.03672   11  5487.367900   0.000000    0.754205   0.754205 
HKY+G       2708.41122   11  5490.116900   2.749000    0.190788   0.944993 
HKY+I+G     2706.33484   12  5492.627272   5.259373    0.054379   0.999372 
GTR+I       2701.12693   15  5502.200850  14.832951    0.000453   0.999826 
GTR+G       2702.18122   15  5504.309430  16.941531    0.000158   0.999984 
GTR+I+G     2701.11480   16  5508.839723  21.471823   1.64e-005   1.000000 
GTR         2740.98636   14  5575.256578  87.888678   6.20e-020   1.000000 
SYM+I       2750.45173   12  5580.861052  93.493153   3.76e-021   1.000000 
SYM+G       2750.95553   12  5581.868652  94.500753   2.27e-021   1.000000 
HKY         2758.65553   10  5583.942387  96.574487   8.07e-022   1.000000 
SYM+I+G     2750.40435   13  5587.429425  100.061525   1.41e-022   1.000000 
K80+G       2786.23492    8  5625.774902  138.407002   6.65e-031   1.000000 
K80+I       2786.97833    8  5627.261722  139.893822   3.16e-031   1.000000 
SYM         2778.98791   11  5631.270280  143.902380   4.26e-032   1.000000 
K80+I+G     2786.23053    9  5632.429254  145.061355   2.39e-032   1.000000 
K80         2818.62259    7  5683.887109  196.519209   1.60e-043   1.000000 
F81+G       2819.38266   10  5705.396647  218.028747   3.41e-048   1.000000 
F81+I       2821.36265   10  5709.356627  221.988727   4.71e-049   1.000000 
F81+I+G     2819.33421   11  5711.962880  224.594980   1.28e-049   1.000000 
F81         2846.41043    9  5752.789054  265.421155   1.75e-058   1.000000 
JC+G        2889.84888    7  5826.339689  338.971789   1.87e-074   1.000000 
JC+I        2889.94581    7  5826.533549  339.165649   1.69e-074   1.000000 
JC+I+G      2889.02640    8  5831.357862  343.989962   1.52e-075   1.000000 
JC          2910.27104    6  5860.520876  373.152977   7.05e-082   1.000000
-------------------------------------------------------------------------
-lnL:	negative log likelihod
K:	number of estimated parameters
BIC:	Bayesian Information Criterion
delta:	BIC difference
weight:	BIC weight
cumWeight:	cumulative BIC weight
 
 
* BIC MODEL SELECTION : Confidence interval
 
There are 24 models in the 100% confidence interval: [ HKY+I HKY+G HKY+I+G GTR+I GTR+G GTR+I+G GTR SYM+I SYM+G HKY SYM+I+G K80+G K80+I SYM K80+I+G K80 F81+G F81+I F81+I+G F81 JC+G JC+I JC+I+G JC ] 
 
 
* BIC MODEL SELECTION : Best Model's command line
 
phyml  -i /tmp/jmodeltest1989198864505519577.phy -d nt -n 1 -b 0 --run_id HKY+I -m 010010 -f m -v e -c 1 --no_memory_check --r_seed 12345 -o tlr -s BEST
 
 
 
---------------------------------------------------------------
*                                                             *
*                    SELECTION SUMMARY                        *
*                                                             *
---------------------------------------------------------------

::Optimized Topologies Summary::

There are 1 different topologies.

Topology Id: 1
	Rank	Weight		 RF	AvgEucl		VarEucl
BIC	  1	100.00%		  0	2.76e-01	1.22e-02
Models supporting:   24
                     JC JC+I JC+G JC+I+G F81 F81+I F81+G F81+I+G K80 K80+I K80+G K80+I+G HKY HKY+I HKY+G 
                     HKY+I+G SYM SYM+I SYM+G SYM+I+G GTR GTR+I GTR+G GTR+I+G 

 
 
 
::Best Models::
 
	Model 		f(a) 	f(c) 	f(g) 	f(t) 	kappa 	titv 	Ra	Rb	Rc	Rd	Re	Rf	pInv 	gamma
----------------------------------------------------------------------------------------------------------------------------------------
BIC 	HKY+I		0.29	0.32	0.11	0.27	9.04	4.51	  1.000   9.043   1.000   1.000   9.043   1.000    0.49	N/A
