-------------------------- jModeltest 2.1.10 v20160303 --------------------------
(c) 2011-onwards D. Darriba, G.L. Taboada, R. Doallo and D. Posada,
(1) Department of Biochemistry, Genetics and Immunology
    University of Vigo, 36310 Vigo, Spain.
(2) Department of Electronics and Systems
    University of A Coruna, 15071 A Coruna, Spain.
e-mail: ddarriba@udc.es, dposada@uvigo.es
--------------------------------------------------------------------------------
 
Wed Sep 01 20:41:12 BRT 2021
Linux 5.13.13-arch1-1, arch: amd64, bits: 64, numcores: 4
 
--------------------------------------------------------------------------------
Citation: Darriba D, Taboada GL, Doallo R and Posada D. 2012.
          "jModelTest 2: more models, new heuristics and parallel computing".
          Nature Methods 9(8), 772.
--------------------------------------------------------------------------------
 
jModelTest 2.1.10 v20160303
Copyright (C) 2011 D. Darriba, G.L. Taboada, R. Doallo and D. Posada
This program comes with ABSOLUTELY NO WARRANTY
This is free software, and you are welcome to redistribute it under certain
conditions
 
Notice: This program may contain errors. Please inspect results carefully.
 
 
Arguments = -BIC -d COI.fa.renamed.fasta.aligned.fasta.trimmed.fasta -f -i -g 4 -s 3 -t ML -tr 4 -o COI.fa.renamed.fasta.aligned.fasta.trimmed.fasta20.41_01_09_2021.out

Reading data file "COI.fa.renamed.fasta.aligned.fasta.trimmed.fasta"... OK.
  number of sequences: 5
  number of sites: 505
 
 
---------------------------------------------------------------
*                                                             *
*        COMPUTATION OF LIKELIHOOD SCORES WITH PHYML          *
*                                                             *
---------------------------------------------------------------
 
::Settings::
 
 Phyml version = 20131022
 Phyml binary = phyml
 Phyml path = /home/balleng/programs/jmodeltest2/dist/exe/phyml/
 Candidate models = 24
   number of substitution schemes = 3
   including models with equal/unequal base frequencies (+F)
   including models with/without a proportion of invariable sites (+I)
   including models with/without rate variation among sites (+G) (nCat = 4)
 Optimized free parameters (K) = substitution parameters + 7 branch lengths + topology 
 Base tree for likelihood calculations = ML tree
 Tree topology search operation = BEST
 
 
 
::Progress::
 
Model 		 Exec. Time 	 Total Time 	 -lnL
-------------------------------------------------------------------------
F81+I+G		00h:00:01:00	00h:00:01:00	    1800.7300	 (1/24)
JC+I+G		00h:00:01:02	00h:00:01:02	    1828.1318	 (2/24)
K80+I+G		00h:00:02:04	00h:00:03:04	    1744.3659	 (3/24)
GTR+I+G		00h:00:03:05	00h:00:03:05	    1716.5329	 (4/24)
SYM+I+G		00h:00:02:05	00h:00:03:07	    1733.7626	 (5/24)
F81+G		00h:00:00:04	00h:00:03:08	    1800.6718	 (6/24)
JC+G		00h:00:00:04	00h:00:04:02	    1828.1317	 (7/24)
HKY+I+G		00h:00:04:02	00h:00:04:02	    1719.0488	 (8/24)
K80+G		00h:00:01:01	00h:00:05:03	    1744.7573	 (9/24)
F81+I		00h:00:00:02	00h:00:05:04	    1801.9205	 (10/24)
HKY+G		00h:00:02:01	00h:00:05:06	    1719.1666	 (11/24)
SYM+G		00h:00:01:05	00h:00:05:07	    1733.7879	 (12/24)
HKY+I		00h:00:00:03	00h:00:05:07	    1729.9375	 (13/24)
JC+I		00h:00:00:02	00h:00:05:09	    1828.9367	 (14/24)
K80+I		00h:00:00:03	00h:00:06:00	    1753.0495	 (15/24)
GTR+I		00h:00:00:05	00h:00:06:00	    1723.7347	 (16/24)
F81		00h:00:00:01	00h:00:06:01	    1870.9488	 (17/24)
HKY		00h:00:00:02	00h:00:06:02	    1812.9539	 (18/24)
SYM+I		00h:00:00:04	00h:00:06:03	    1739.4788	 (19/24)
JC		00h:00:00:01	00h:00:06:03	    1894.2212	 (20/24)
GTR+G		00h:00:02:07	00h:00:06:04	    1716.6421	 (21/24)
GTR		00h:00:00:03	00h:00:06:04	    1797.6698	 (22/24)
K80		00h:00:00:02	00h:00:06:04	    1830.4899	 (23/24)
SYM		00h:00:00:02	00h:00:06:05	    1808.8524	 (24/24)
 
   Model = JC
   partition = 000000
   -lnL = 1894.2212
   K = 8 
 
   Model = JC+I
   partition = 000000
   -lnL = 1828.9367
   K = 9
   p-inv = 0.5880 
 
   Model = JC+G
   partition = 000000
   -lnL = 1828.1317
   K = 9
   gamma shape = 0.2550 
 
   Model = JC+I+G
   partition = 000000
   -lnL = 1828.1318
   K = 10
   p-inv = 0.0000
   gamma shape = 0.2550 
 
   Model = F81
   partition = 000000
   -lnL = 1870.9488
   K = 11
   freqA = 0.2290 
   freqC = 0.2957 
   freqG = 0.1633 
   freqT = 0.3120  
 
   Model = F81+I
   partition = 000000
   -lnL = 1801.9205
   K = 12
   freqA = 0.2302 
   freqC = 0.3117 
   freqG = 0.1567 
   freqT = 0.3015 
   p-inv = 0.5950 
 
   Model = F81+G
   partition = 000000
   -lnL = 1800.6717
   K = 12
   freqA = 0.2305 
   freqC = 0.3141 
   freqG = 0.1558 
   freqT = 0.2996 
   gamma shape = 0.2390 
 
   Model = F81+I+G
   partition = 000000
   -lnL = 1800.7300
   K = 13
   freqA = 0.2305 
   freqC = 0.3143 
   freqG = 0.1557 
   freqT = 0.2996 
   p-inv = 0.4850
   gamma shape = 1.0270 
 
   Model = K80
   partition = 010010
   -lnL = 1830.4898
   K = 9
   kappa = 4.4664 (ti/tv = 2.2332) 
 
   Model = K80+I
   partition = 010010
   -lnL = 1753.0495
   K = 10
   kappa = 7.2940 (ti/tv = 3.6470)
   p-inv = 0.6210 
 
   Model = K80+G
   partition = 010010
   -lnL = 1744.7573
   K = 10
   kappa = 14.4942 (ti/tv = 7.2471)
   gamma shape = 0.1480 
 
   Model = K80+I+G
   partition = 010010
   -lnL = 1744.3659
   K = 11
   kappa = 14.8779 (ti/tv = 7.4390)
   p-inv = 0.1060
   gamma shape = 0.1660 
 
   Model = HKY
   partition = 010010
   -lnL = 1812.9539
   K = 12
   freqA = 0.2433 
   freqC = 0.2892 
   freqG = 0.1685 
   freqT = 0.2991 
   kappa = 4.2133 (ti/tv = 2.2173) 
 
   Model = HKY+I
   partition = 010010
   -lnL = 1729.9375
   K = 13
   freqA = 0.2520 
   freqC = 0.3213 
   freqG = 0.1557 
   freqT = 0.2710 
   kappa = 7.8416 (ti/tv = 4.1013)
   p-inv = 0.6280 
 
   Model = HKY+G
   partition = 010010
   -lnL = 1719.1665
   K = 13
   freqA = 0.2548 
   freqC = 0.3200 
   freqG = 0.1504 
   freqT = 0.2748 
   kappa = 24.0347 (ti/tv = 12.5914)
   gamma shape = 0.1150 
 
   Model = HKY+I+G
   partition = 010010
   -lnL = 1719.0488
   K = 14
   freqA = 0.2547 
   freqC = 0.3196 
   freqG = 0.1506 
   freqT = 0.2752 
   kappa = 23.7800 (ti/tv = 12.4599)
   p-inv = 0.0540
   gamma shape = 0.1220 
 
   Model = SYM
   partition = 012345
   -lnL = 1808.8524
   K = 13
   R(a) [AC] =  10470.6460
   R(b) [AG] =  22517.0338
   R(c) [AT] =  9860.5433
   R(d) [CG] =  3765.0455
   R(e) [CT] =  31754.3765
   R(f) [GT] =  1.0000 
 
   Model = SYM+I
   partition = 012345
   -lnL = 1739.4788
   K = 14
   R(a) [AC] =  4871.6492
   R(b) [AG] =  20136.6497
   R(c) [AT] =  10011.1904
   R(d) [CG] =  1963.0409
   R(e) [CT] =  35351.5633
   R(f) [GT] =  1.0000
   p-inv = 0.6070 
 
   Model = SYM+G
   partition = 012345
   -lnL = 1733.7879
   K = 14
   R(a) [AC] =  2688.0693
   R(b) [AG] =  15250.3581
   R(c) [AT] =  7535.8574
   R(d) [CG] =  1271.9739
   R(e) [CT] =  41538.7734
   R(f) [GT] =  1.0000
   gamma shape = 0.1800 
 
   Model = SYM+I+G
   partition = 012345
   -lnL = 1733.7626
   K = 15
   R(a) [AC] =  2832.8841
   R(b) [AG] =  16128.3992
   R(c) [AT] =  7821.6115
   R(d) [CG] =  1291.0281
   R(e) [CT] =  43535.4549
   R(f) [GT] =  1.0000
   p-inv = 0.0370
   gamma shape = 0.1890 
 
   Model = GTR
   partition = 012345
   -lnL = 1797.6698
   K = 16
   freqA = 0.2252 
   freqC = 0.2861 
   freqG = 0.1831 
   freqT = 0.3057 
   R(a) [AC] =  10860.3113
   R(b) [AG] =  29444.6746
   R(c) [AT] =  9788.6314
   R(d) [CG] =  4494.8168
   R(e) [CT] =  27765.1347
   R(f) [GT] =  1.0000 
 
   Model = GTR+I
   partition = 012345
   -lnL = 1723.7347
   K = 17
   freqA = 0.2431 
   freqC = 0.3233 
   freqG = 0.1648 
   freqT = 0.2688 
   R(a) [AC] =  4458.4246
   R(b) [AG] =  40563.2371
   R(c) [AT] =  13035.6534
   R(d) [CG] =  3777.3366
   R(e) [CT] =  41572.9123
   R(f) [GT] =  1.0000
   p-inv = 0.6240 
 
   Model = GTR+G
   partition = 012345
   -lnL = 1716.6421
   K = 17
   freqA = 0.2521 
   freqC = 0.3217 
   freqG = 0.1574 
   freqT = 0.2688 
   R(a) [AC] =  867.2961
   R(b) [AG] =  32528.0851
   R(c) [AT] =  7296.8799
   R(d) [CG] =  1872.9567
   R(e) [CT] =  39417.7574
   R(f) [GT] =  1.0000
   gamma shape = 0.1450 
 
   Model = GTR+I+G
   partition = 012345
   -lnL = 1716.5329
   K = 18
   freqA = 0.2517 
   freqC = 0.3213 
   freqG = 0.1575 
   freqT = 0.2695 
   R(a) [AC] =  1092.1406
   R(b) [AG] =  35879.1864
   R(c) [AT] =  7618.3327
   R(d) [CG] =  1812.1507
   R(e) [CT] =  41799.8317
   R(f) [GT] =  1.0000
   p-inv = 0.0660
   gamma shape = 0.1560 
 
  Best-fit models should be reoptimized for comparison with unconstrained likelihood
 
Computation of likelihood scores completed. It took 00h:00:06:05.
 



---------------------------------------------------------------
*                                                             *
*             BAYESIAN INFORMATION CRITERION (BIC)            *
*                                                             *
---------------------------------------------------------------
 
 Sample size: 505.0
 
 Model selected: 
   Model = HKY+G
   partition = 010010
   -lnL = 1719.1665
   K = 13
   freqA = 0.2548 
   freqC = 0.3200 
   freqG = 0.1504 
   freqT = 0.2748 
   kappa = 24.0347 (ti/tv = 12.5914)
   gamma shape = 0.1150 
 
Tree for the best BIC model = (Acestrorhynchus_falcirostris:1.61114431,(Serrasalmus_rhombeus:0.12571087,Myloplus_schomburgkii:0.41251014):0.22884437,(Hydrolycus_scomberoides:0.67866117,Rhaphiodon_vulpinus:0.34212150):0.31160098);
 
 
* BIC MODEL SELECTION : Selection uncertainty
 
Model             -lnL    K      BIC       delta       weight   cumWeight
------------------------------------------------------------------------- 
HKY+G       1719.16655   13  3519.252360   0.000000    0.952259   0.952259 
HKY+I+G     1719.04876   14  3525.241338   5.988978    0.047672   0.999931 
GTR+G       1716.64207   17  3539.101633  19.849274   4.66e-005   0.999978 
HKY+I       1729.93750   13  3540.794260  21.541900   2.00e-005   0.999998 
GTR+I+G     1716.53289   18  3545.107832  25.855472   2.31e-006   1.000000 
K80+G       1744.75726   10  3551.760104  32.507745   8.31e-008   1.000000 
GTR+I       1723.73466   17  3553.286813  34.034454   3.87e-008   1.000000 
SYM+G       1733.78789   14  3554.719598  35.467238   1.89e-008   1.000000 
K80+I+G     1744.36588   11  3557.201903  37.949543   5.47e-009   1.000000 
SYM+I+G     1733.76264   15  3560.893656  41.641297   8.64e-010   1.000000 
SYM+I       1739.47882   14  3566.101458  46.849098   6.39e-011   1.000000 
K80+I       1753.04949   10  3568.344564  49.092205   2.08e-011   1.000000 
F81+G       1800.67175   12  3676.038201  156.785842   8.57e-035   1.000000 
F81+I       1801.92054   12  3678.535781  159.283422   2.46e-035   1.000000 
F81+I+G     1800.73004   13  3682.379340  163.126980   3.60e-036   1.000000 
GTR         1797.66979   16  3694.932515  175.680155   6.77e-039   1.000000 
SYM         1808.85239   13  3698.624040  179.371680   1.07e-039   1.000000 
HKY         1812.95385   12  3700.602401  181.350042   3.97e-040   1.000000 
JC+G        1828.13169    9  3712.284406  193.032046   1.15e-042   1.000000 
JC+I        1828.93666    9  3713.894346  194.641986   5.16e-043   1.000000 
K80         1830.48985    9  3717.000726  197.748366   1.09e-043   1.000000 
JC+I+G      1828.13175   10  3718.509084  199.256725   5.14e-044   1.000000 
F81         1870.94879   11  3810.367723  291.115363   5.81e-064   1.000000 
JC          1894.22115    8  3838.238767  318.986408   5.15e-070   1.000000
-------------------------------------------------------------------------
-lnL:	negative log likelihod
K:	number of estimated parameters
BIC:	Bayesian Information Criterion
delta:	BIC difference
weight:	BIC weight
cumWeight:	cumulative BIC weight
 
 
* BIC MODEL SELECTION : Confidence interval
 
There are 24 models in the 100% confidence interval: [ HKY+G HKY+I+G GTR+G HKY+I GTR+I+G K80+G GTR+I SYM+G K80+I+G SYM+I+G SYM+I K80+I F81+G F81+I F81+I+G GTR SYM HKY JC+G JC+I K80 JC+I+G F81 JC ] 
 
 
* BIC MODEL SELECTION : Best Model's command line
 
phyml  -i /tmp/jmodeltest6858619444246354965.phy -d nt -n 1 -b 0 --run_id HKY+G -m 010010 -f m -c 4 -a e --no_memory_check --r_seed 12345 -o tlr -s BEST
 
 
 
---------------------------------------------------------------
*                                                             *
*                    SELECTION SUMMARY                        *
*                                                             *
---------------------------------------------------------------

::Optimized Topologies Summary::

There are 1 different topologies.

Topology Id: 1
	Rank	Weight		 RF	AvgEucl		VarEucl
BIC	  1	100.00%		  0	1.48e+00	1.27e-01
Models supporting:   24
                     JC JC+I JC+G JC+I+G F81 F81+I F81+G F81+I+G K80 K80+I K80+G K80+I+G HKY HKY+I HKY+G 
                     HKY+I+G SYM SYM+I SYM+G SYM+I+G GTR GTR+I GTR+G GTR+I+G 

 
 
 
::Best Models::
 
	Model 		f(a) 	f(c) 	f(g) 	f(t) 	kappa 	titv 	Ra	Rb	Rc	Rd	Re	Rf	pInv 	gamma
----------------------------------------------------------------------------------------------------------------------------------------
BIC 	HKY+G		0.25	0.32	0.15	0.27	24.03	12.59	  1.000  24.035   1.000   1.000  24.035   1.000 N/A	   0.12
