-------------------------- jModeltest 2.1.10 v20160303 --------------------------
(c) 2011-onwards D. Darriba, G.L. Taboada, R. Doallo and D. Posada,
(1) Department of Biochemistry, Genetics and Immunology
    University of Vigo, 36310 Vigo, Spain.
(2) Department of Electronics and Systems
    University of A Coruna, 15071 A Coruna, Spain.
e-mail: ddarriba@udc.es, dposada@uvigo.es
--------------------------------------------------------------------------------
 
Tue May 05 12:01:36 BRT 2020
Linux 4.15.0-99-generic, arch: amd64, bits: 64, numcores: 4
 
--------------------------------------------------------------------------------
Citation: Darriba D, Taboada GL, Doallo R and Posada D. 2012.
          "jModelTest 2: more models, new heuristics and parallel computing".
          Nature Methods 9(8), 772.
--------------------------------------------------------------------------------
 
jModelTest 2.1.10 v20160303
Copyright (C) 2011 D. Darriba, G.L. Taboada, R. Doallo and D. Posada
This program comes with ABSOLUTELY NO WARRANTY
This is free software, and you are welcome to redistribute it under certain
conditions
 
Notice: This program may contain errors. Please inspect results carefully.
 
 
Arguments = -BIC -d COI.fa.renamed.fasta.aligned.fasta.trimmed.fasta -f -i -g 4 -s 3 -t ML -tr 4 -o COI.fa.renamed.fasta.aligned.fasta.trimmed.fasta12.01_05_05_2020.out

Reading data file "COI.fa.renamed.fasta.aligned.fasta.trimmed.fasta"... OK.
  number of sequences: 3
  number of sites: 505
 
 
---------------------------------------------------------------
*                                                             *
*        COMPUTATION OF LIKELIHOOD SCORES WITH PHYML          *
*                                                             *
---------------------------------------------------------------
 
::Settings::
 
 Phyml version = 20131022
 Phyml binary = phyml
 Phyml path = /home/balleng/programs/jmodeltest2/dist/exe/phyml/
 Candidate models = 24
   number of substitution schemes = 3
   including models with equal/unequal base frequencies (+F)
   including models with/without a proportion of invariable sites (+I)
   including models with/without rate variation among sites (+G) (nCat = 4)
 Optimized free parameters (K) = substitution parameters + 3 branch lengths + topology 
 Base tree for likelihood calculations = ML tree
 Tree topology search operation = BEST
 
 
 
::Progress::
 
Model 		 Exec. Time 	 Total Time 	 -lnL
-------------------------------------------------------------------------
F81+I+G		00h:00:00:02	00h:00:00:02	    1353.5985	 (1/24)
JC+I+G		00h:00:00:02	00h:00:00:02	    1371.9653	 (2/24)
GTR+I+G		00h:00:00:06	00h:00:00:06	    1309.6531	 (3/24)
SYM+I+G		00h:00:00:04	00h:00:00:06	    1320.9724	 (4/24)
K80+I+G		00h:00:00:04	00h:00:00:06	    1332.9145	 (5/24)
F81+G		00h:00:00:01	00h:00:00:07	    1353.5990	 (6/24)
JC+G		00h:00:00:00	00h:00:00:07	    1371.9656	 (7/24)
HKY+G		00h:00:00:02	00h:00:00:08	    1317.0439	 (8/24)
HKY+I+G		00h:00:00:08	00h:00:00:08	    1316.9142	 (9/24)
F81+I		00h:00:00:00	00h:00:00:08	    1355.7970	 (10/24)
K80+G		00h:00:00:01	00h:00:00:09	    1332.9257	 (11/24)
GTR+G		00h:00:00:03	00h:00:00:09	    1309.6995	 (12/24)
JC+I		00h:00:00:00	00h:00:00:09	    1373.6752	 (13/24)
HKY+I		00h:00:00:01	00h:00:01:00	    1317.1902	 (14/24)
K80+I		00h:00:00:01	00h:00:01:00	    1332.9791	 (15/24)
F81		00h:00:00:00	00h:00:01:00	    1361.6891	 (16/24)
SYM+G		00h:00:00:02	00h:00:01:00	    1321.0188	 (17/24)
GTR+I		00h:00:00:02	00h:00:01:01	    1309.8524	 (18/24)
HKY		00h:00:00:01	00h:00:01:01	    1330.6885	 (19/24)
GTR		00h:00:00:00	00h:00:01:01	    1322.6533	 (20/24)
K80		00h:00:00:00	00h:00:01:01	    1345.2823	 (21/24)
JC		00h:00:00:00	00h:00:01:01	    1379.1276	 (22/24)
SYM+I		00h:00:00:01	00h:00:01:01	    1321.1969	 (23/24)
SYM		00h:00:00:00	00h:00:01:01	    1333.4333	 (24/24)
 
   Model = JC
   partition = 000000
   -lnL = 1379.1276
   K = 4 
 
   Model = JC+I
   partition = 000000
   -lnL = 1373.6752
   K = 5
   p-inv = 0.3490 
 
   Model = JC+G
   partition = 000000
   -lnL = 1371.9656
   K = 5
   gamma shape = 0.4500 
 
   Model = JC+I+G
   partition = 000000
   -lnL = 1371.9653
   K = 6
   p-inv = 0.3710
   gamma shape = 1.5880 
 
   Model = F81
   partition = 000000
   -lnL = 1361.6891
   K = 7
   freqA = 0.2377 
   freqC = 0.2973 
   freqG = 0.1655 
   freqT = 0.2995  
 
   Model = F81+I
   partition = 000000
   -lnL = 1355.7970
   K = 8
   freqA = 0.2377 
   freqC = 0.2996 
   freqG = 0.1644 
   freqT = 0.2983 
   p-inv = 0.3530 
 
   Model = F81+G
   partition = 000000
   -lnL = 1353.5990
   K = 8
   freqA = 0.2380 
   freqC = 0.3025 
   freqG = 0.1635 
   freqT = 0.2960 
   gamma shape = 0.3970 
 
   Model = F81+I+G
   partition = 000000
   -lnL = 1353.5985
   K = 9
   freqA = 0.2380 
   freqC = 0.3026 
   freqG = 0.1635 
   freqT = 0.2959 
   p-inv = 0.2060
   gamma shape = 0.6480 
 
   Model = K80
   partition = 010010
   -lnL = 1345.2823
   K = 5
   kappa = 4.1695 (ti/tv = 2.0848) 
 
   Model = K80+I
   partition = 010010
   -lnL = 1332.9791
   K = 6
   kappa = 6.8553 (ti/tv = 3.4277)
   p-inv = 0.5920 
 
   Model = K80+G
   partition = 010010
   -lnL = 1332.9257
   K = 6
   kappa = 7.5749 (ti/tv = 3.7875)
   gamma shape = 0.2520 
 
   Model = K80+I+G
   partition = 010010
   -lnL = 1332.9145
   K = 7
   kappa = 7.7600 (ti/tv = 3.8800)
   p-inv = 0.1280
   gamma shape = 0.3160 
 
   Model = HKY
   partition = 010010
   -lnL = 1330.6885
   K = 8
   freqA = 0.2460 
   freqC = 0.2925 
   freqG = 0.1691 
   freqT = 0.2924 
   kappa = 3.9468 (ti/tv = 2.0666) 
 
   Model = HKY+I
   partition = 010010
   -lnL = 1317.1902
   K = 9
   freqA = 0.2466 
   freqC = 0.3038 
   freqG = 0.1649 
   freqT = 0.2848 
   kappa = 6.7753 (ti/tv = 3.5579)
   p-inv = 0.5980 
 
   Model = HKY+G
   partition = 010010
   -lnL = 1317.0439
   K = 9
   freqA = 0.2471 
   freqC = 0.3029 
   freqG = 0.1645 
   freqT = 0.2856 
   kappa = 7.9332 (ti/tv = 4.1648)
   gamma shape = 0.2260 
 
   Model = HKY+I+G
   partition = 010010
   -lnL = 1316.9142
   K = 10
   freqA = 0.2471 
   freqC = 0.3034 
   freqG = 0.1641 
   freqT = 0.2854 
   kappa = 9.1565 (ti/tv = 4.8084)
   p-inv = 0.3510
   gamma shape = 0.4360 
 
   Model = SYM
   partition = 012345
   -lnL = 1333.4333
   K = 9
   R(a) [AC] =  9.9267
   R(b) [AG] =  20.8659
   R(c) [AT] =  9.9044
   R(d) [CG] =  2.3980
   R(e) [CT] =  27.9365
   R(f) [GT] =  1.0000 
 
   Model = SYM+I
   partition = 012345
   -lnL = 1321.1969
   K = 10
   R(a) [AC] =  990.8240
   R(b) [AG] =  2899.4408
   R(c) [AT] =  1496.0615
   R(d) [CG] =  138.4586
   R(e) [CT] =  5206.3727
   R(f) [GT] =  1.0000
   p-inv = 0.5770 
 
   Model = SYM+G
   partition = 012345
   -lnL = 1321.0187
   K = 10
   R(a) [AC] =  1153.3540
   R(b) [AG] =  3037.2242
   R(c) [AT] =  1361.9129
   R(d) [CG] =  32.3358
   R(e) [CT] =  5272.1115
   R(f) [GT] =  1.0000
   gamma shape = 0.2770 
 
   Model = SYM+I+G
   partition = 012345
   -lnL = 1320.9724
   K = 11
   R(a) [AC] =  2391.7563
   R(b) [AG] =  6236.3224
   R(c) [AT] =  2729.3087
   R(d) [CG] =  12.2026
   R(e) [CT] =  10834.8807
   R(f) [GT] =  1.0000
   p-inv = 0.1700
   gamma shape = 0.3830 
 
   Model = GTR
   partition = 012345
   -lnL = 1322.6533
   K = 12
   freqA = 0.2342 
   freqC = 0.2930 
   freqG = 0.1781 
   freqT = 0.2947 
   R(a) [AC] =  7.9304
   R(b) [AG] =  21.4884
   R(c) [AT] =  7.8066
   R(d) [CG] =  2.2740
   R(e) [CT] =  19.6036
   R(f) [GT] =  1.0000 
 
   Model = GTR+I
   partition = 012345
   -lnL = 1309.8524
   K = 13
   freqA = 0.2369 
   freqC = 0.3045 
   freqG = 0.1760 
   freqT = 0.2826 
   R(a) [AC] =  3328.1473
   R(b) [AG] =  14136.4477
   R(c) [AT] =  5272.8789
   R(d) [CG] =  536.6163
   R(e) [CT] =  16289.3169
   R(f) [GT] =  1.0000
   p-inv = 0.5890 
 
   Model = GTR+G
   partition = 012345
   -lnL = 1309.6995
   K = 13
   freqA = 0.2366 
   freqC = 0.3026 
   freqG = 0.1758 
   freqT = 0.2850 
   R(a) [AC] =  3761.8467
   R(b) [AG] =  14578.2702
   R(c) [AT] =  4602.8948
   R(d) [CG] =  81.3898
   R(e) [CT] =  15609.3973
   R(f) [GT] =  1.0000
   gamma shape = 0.2620 
 
   Model = GTR+I+G
   partition = 012345
   -lnL = 1309.6531
   K = 14
   freqA = 0.2366 
   freqC = 0.3026 
   freqG = 0.1758 
   freqT = 0.2850 
   R(a) [AC] =  4130.2479
   R(b) [AG] =  15980.7727
   R(c) [AT] =  4915.0787
   R(d) [CG] =  1.0000
   R(e) [CT] =  17265.5719
   R(f) [GT] =  1.0000
   p-inv = 0.2170
   gamma shape = 0.3930 
 
  Best-fit models should be reoptimized for comparison with unconstrained likelihood
 
Computation of likelihood scores completed. It took 00h:00:01:01.
 



---------------------------------------------------------------
*                                                             *
*             BAYESIAN INFORMATION CRITERION (BIC)            *
*                                                             *
---------------------------------------------------------------
 
 Sample size: 505.0
 
 Model selected: 
   Model = HKY+G
   partition = 010010
   -lnL = 1317.0439
   K = 9
   freqA = 0.2471 
   freqC = 0.3029 
   freqG = 0.1645 
   freqT = 0.2856 
   kappa = 7.9332 (ti/tv = 4.1648)
   gamma shape = 0.2260 
 
Tree for the best BIC model = (Acestrorhynchus_falcirostris:0.49774783,Hydrolycus_scomberoides:0.24488593,Rhaphiodon_vulpinus:0.09988620);
 
 
* BIC MODEL SELECTION : Selection uncertainty
 
Model             -lnL    K      BIC       delta       weight   cumWeight
------------------------------------------------------------------------- 
HKY+G       1317.04394    9  2690.108906   0.000000    0.517975   0.517975 
HKY+I       1317.19023    9  2690.401486   0.292580    0.447482   0.965457 
HKY+I+G     1316.91421   10  2696.074004   5.965098    0.026242   0.991699 
GTR+G       1309.69949   13  2700.318240  10.209334    0.003143   0.994843 
GTR+I       1309.85240   13  2700.624060  10.515154    0.002698   0.997540 
K80+G       1332.92574    6  2703.198831  13.089925    0.000745   0.998285 
K80+I       1332.97913    6  2703.305611  13.196705    0.000706   0.998991 
SYM+G       1321.01875   10  2704.283084  14.174178    0.000433   0.999423 
SYM+I       1321.19694   10  2704.639464  14.530558    0.000362   0.999786 
GTR+I+G     1309.65312   14  2706.450058  16.341152    0.000147   0.999932 
K80+I+G     1332.91451    7  2709.400929  19.292023   3.35e-005   0.999966 
SYM+I+G     1320.97241   11  2710.414963  20.306057   2.02e-005   0.999986 
HKY         1330.68853    8  2711.173527  21.064622   1.38e-005   1.000000 
GTR         1322.65329   12  2720.001281  29.892375   1.67e-007   1.000000 
K80         1345.28229    5  2721.687372  31.578466   7.20e-008   1.000000 
SYM         1333.43332    9  2722.887666  32.778760   3.95e-008   1.000000 
F81+G       1353.59898    8  2756.994427  66.885522   1.55e-015   1.000000 
F81+I       1355.79699    8  2761.390447  71.281542   1.72e-016   1.000000 
F81+I+G     1353.59848    9  2763.217986  73.109080   6.90e-017   1.000000 
F81         1361.68906    7  2766.950029  76.841123   1.07e-017   1.000000 
JC+G        1371.96559    5  2775.053972  84.945066   1.86e-019   1.000000 
JC+I        1373.67517    5  2778.473132  88.364226   3.36e-020   1.000000 
JC+I+G      1371.96532    6  2781.277991  91.169085   8.26e-021   1.000000 
JC          1379.12763    4  2783.153494  93.044588   3.24e-021   1.000000
-------------------------------------------------------------------------
-lnL:	negative log likelihod
K:	number of estimated parameters
BIC:	Bayesian Information Criterion
delta:	BIC difference
weight:	BIC weight
cumWeight:	cumulative BIC weight
 
 
* BIC MODEL SELECTION : Confidence interval
 
There are 24 models in the 100% confidence interval: [ HKY+G HKY+I HKY+I+G GTR+G GTR+I K80+G K80+I SYM+G SYM+I GTR+I+G K80+I+G SYM+I+G HKY GTR K80 SYM F81+G F81+I F81+I+G F81 JC+G JC+I JC+I+G JC ] 
 
 
* BIC MODEL SELECTION : Best Model's command line
 
phyml  -i /tmp/jmodeltest4449483313824366738.phy -d nt -n 1 -b 0 --run_id HKY+G -m 010010 -f m -c 4 -a e --no_memory_check --r_seed 12345 -o tlr -s BEST
 
 
 
---------------------------------------------------------------
*                                                             *
*                    SELECTION SUMMARY                        *
*                                                             *
---------------------------------------------------------------

::Optimized Topologies Summary::

There are 1 different topologies.

Topology Id: 1
	Rank	Weight		 RF	AvgEucl		VarEucl
BIC	  1	100.00%		  0	1.99e-01	1.24e-02
Models supporting:   24
                     JC JC+I JC+G JC+I+G F81 F81+I F81+G F81+I+G K80 K80+I K80+G K80+I+G HKY HKY+I HKY+G 
                     HKY+I+G SYM SYM+I SYM+G SYM+I+G GTR GTR+I GTR+G GTR+I+G 

 
 
 
::Best Models::
 
	Model 		f(a) 	f(c) 	f(g) 	f(t) 	kappa 	titv 	Ra	Rb	Rc	Rd	Re	Rf	pInv 	gamma
----------------------------------------------------------------------------------------------------------------------------------------
BIC 	HKY+G		0.25	0.30	0.16	0.29	7.93	4.16	  1.000   7.933   1.000   1.000   7.933   1.000 N/A	   0.23
