-------------------------- jModeltest 2.1.10 v20160303 --------------------------
(c) 2011-onwards D. Darriba, G.L. Taboada, R. Doallo and D. Posada,
(1) Department of Biochemistry, Genetics and Immunology
    University of Vigo, 36310 Vigo, Spain.
(2) Department of Electronics and Systems
    University of A Coruna, 15071 A Coruna, Spain.
e-mail: ddarriba@udc.es, dposada@uvigo.es
--------------------------------------------------------------------------------
 
Tue May 05 12:01:38 BRT 2020
Linux 4.15.0-99-generic, arch: amd64, bits: 64, numcores: 4
 
--------------------------------------------------------------------------------
Citation: Darriba D, Taboada GL, Doallo R and Posada D. 2012.
          "jModelTest 2: more models, new heuristics and parallel computing".
          Nature Methods 9(8), 772.
--------------------------------------------------------------------------------
 
jModelTest 2.1.10 v20160303
Copyright (C) 2011 D. Darriba, G.L. Taboada, R. Doallo and D. Posada
This program comes with ABSOLUTELY NO WARRANTY
This is free software, and you are welcome to redistribute it under certain
conditions
 
Notice: This program may contain errors. Please inspect results carefully.
 
 
Arguments = -BIC -d CytB.fa.renamed.fasta.aligned.fasta.trimmed.fasta -f -i -g 4 -s 3 -t ML -tr 4 -o CytB.fa.renamed.fasta.aligned.fasta.trimmed.fasta12.01_05_05_2020.out

Reading data file "CytB.fa.renamed.fasta.aligned.fasta.trimmed.fasta"... OK.
  number of sequences: 3
  number of sites: 837
 
 
---------------------------------------------------------------
*                                                             *
*        COMPUTATION OF LIKELIHOOD SCORES WITH PHYML          *
*                                                             *
---------------------------------------------------------------
 
::Settings::
 
 Phyml version = 20131022
 Phyml binary = phyml
 Phyml path = /home/balleng/programs/jmodeltest2/dist/exe/phyml/
 Candidate models = 24
   number of substitution schemes = 3
   including models with equal/unequal base frequencies (+F)
   including models with/without a proportion of invariable sites (+I)
   including models with/without rate variation among sites (+G) (nCat = 4)
 Optimized free parameters (K) = substitution parameters + 3 branch lengths + topology 
 Base tree for likelihood calculations = ML tree
 Tree topology search operation = BEST
 
 
 
::Progress::
 
Model 		 Exec. Time 	 Total Time 	 -lnL
-------------------------------------------------------------------------
JC+I+G		00h:00:00:01	00h:00:00:01	    1984.1677	 (1/24)
F81+I+G		00h:00:00:01	00h:00:00:02	    1936.1829	 (2/24)
SYM+I+G		00h:00:00:02	00h:00:00:03	    1915.7035	 (3/24)
HKY+I+G		00h:00:00:03	00h:00:00:03	    1880.1236	 (4/24)
K80+I+G		00h:00:00:02	00h:00:00:04	    1934.3333	 (5/24)
F81+G		00h:00:00:00	00h:00:00:04	    1936.1829	 (6/24)
JC+G		00h:00:00:00	00h:00:00:04	    1984.1677	 (7/24)
K80+G		00h:00:00:01	00h:00:00:05	    1934.3338	 (8/24)
HKY+G		00h:00:00:02	00h:00:00:06	    1879.9235	 (9/24)
F81+I		00h:00:00:00	00h:00:00:06	    1936.9613	 (10/24)
SYM+G		00h:00:00:01	00h:00:00:06	    1915.7289	 (11/24)
HKY+I		00h:00:00:02	00h:00:00:08	    1879.8340	 (12/24)
JC+I		00h:00:00:00	00h:00:00:09	    1984.2735	 (13/24)
K80+I		00h:00:00:01	00h:00:01:00	    1934.3391	 (14/24)
GTR+I		00h:00:00:05	00h:00:01:02	    1874.0198	 (15/24)
GTR+G		00h:00:00:08	00h:00:01:02	    1874.9363	 (16/24)
F81		00h:00:00:00	00h:00:01:02	    1939.7610	 (17/24)
HKY		00h:00:00:00	00h:00:01:02	    1893.4615	 (18/24)
GTR		00h:00:00:00	00h:00:01:03	    1885.5281	 (19/24)
JC		00h:00:00:00	00h:00:01:03	    1986.0790	 (20/24)
GTR+I+G		00h:00:01:03	00h:00:01:03	    1874.9372	 (21/24)
SYM+I		00h:00:00:02	00h:00:01:04	    1915.9299	 (22/24)
K80		00h:00:00:01	00h:00:01:04	    1939.0526	 (23/24)
SYM		00h:00:00:01	00h:00:01:04	    1920.4092	 (24/24)
 
   Model = JC
   partition = 000000
   -lnL = 1986.0790
   K = 4 
 
   Model = JC+I
   partition = 000000
   -lnL = 1984.2735
   K = 5
   p-inv = 0.3340 
 
   Model = JC+G
   partition = 000000
   -lnL = 1984.1677
   K = 5
   gamma shape = 0.9270 
 
   Model = JC+I+G
   partition = 000000
   -lnL = 1984.1677
   K = 6
   p-inv = 0.2180
   gamma shape = 2.1030 
 
   Model = F81
   partition = 000000
   -lnL = 1939.7610
   K = 7
   freqA = 0.2594 
   freqC = 0.3352 
   freqG = 0.1367 
   freqT = 0.2687  
 
   Model = F81+I
   partition = 000000
   -lnL = 1936.9613
   K = 8
   freqA = 0.2596 
   freqC = 0.3371 
   freqG = 0.1359 
   freqT = 0.2674 
   p-inv = 0.3450 
 
   Model = F81+G
   partition = 000000
   -lnL = 1936.1829
   K = 8
   freqA = 0.2600 
   freqC = 0.3390 
   freqG = 0.1352 
   freqT = 0.2659 
   gamma shape = 0.5310 
 
   Model = F81+I+G
   partition = 000000
   -lnL = 1936.1829
   K = 9
   freqA = 0.2600 
   freqC = 0.3390 
   freqG = 0.1352 
   freqT = 0.2658 
   p-inv = 0.2140
   gamma shape = 0.9610 
 
   Model = K80
   partition = 010010
   -lnL = 1939.0526
   K = 5
   kappa = 4.8128 (ti/tv = 2.4064) 
 
   Model = K80+I
   partition = 010010
   -lnL = 1934.3391
   K = 6
   kappa = 5.7287 (ti/tv = 2.8643)
   p-inv = 0.5590 
 
   Model = K80+G
   partition = 010010
   -lnL = 1934.3338
   K = 6
   kappa = 5.8292 (ti/tv = 2.9146)
   gamma shape = 0.3950 
 
   Model = K80+I+G
   partition = 010010
   -lnL = 1934.3333
   K = 7
   kappa = 5.8441 (ti/tv = 2.9221)
   p-inv = 0.1670
   gamma shape = 0.5890 
 
   Model = HKY
   partition = 010010
   -lnL = 1893.4615
   K = 8
   freqA = 0.2697 
   freqC = 0.3333 
   freqG = 0.1371 
   freqT = 0.2599 
   kappa = 4.7868 (ti/tv = 2.4515) 
 
   Model = HKY+I
   partition = 010010
   -lnL = 1879.8340
   K = 9
   freqA = 0.2802 
   freqC = 0.3512 
   freqG = 0.1266 
   freqT = 0.2421 
   kappa = 17.1922 (ti/tv = 8.5829)
   p-inv = 0.7430 
 
   Model = HKY+G
   partition = 010010
   -lnL = 1879.9235
   K = 9
   freqA = 0.2801 
   freqC = 0.3509 
   freqG = 0.1268 
   freqT = 0.2422 
   kappa = 16.9435 (ti/tv = 8.4609)
   gamma shape = 0.0200 
 
   Model = HKY+I+G
   partition = 010010
   -lnL = 1880.1236
   K = 10
   freqA = 0.2793 
   freqC = 0.3508 
   freqG = 0.1273 
   freqT = 0.2427 
   kappa = 14.0191 (ti/tv = 7.0111)
   p-inv = 0.0000
   gamma shape = 0.0110 
 
   Model = SYM
   partition = 012345
   -lnL = 1920.4092
   K = 9
   R(a) [AC] =  7.3973
   R(b) [AG] =  11.5635
   R(c) [AT] =  3.4246
   R(d) [CG] =  0.7714
   R(e) [CT] =  21.0790
   R(f) [GT] =  1.0000 
 
   Model = SYM+I
   partition = 012345
   -lnL = 1915.9299
   K = 10
   R(a) [AC] =  7.0553
   R(b) [AG] =  11.2555
   R(c) [AT] =  3.0205
   R(d) [CG] =  0.3407
   R(e) [CT] =  24.3493
   R(f) [GT] =  1.0000
   p-inv = 0.5510 
 
   Model = SYM+G
   partition = 012345
   -lnL = 1915.7289
   K = 10
   R(a) [AC] =  7.8233
   R(b) [AG] =  12.4806
   R(c) [AT] =  3.2820
   R(d) [CG] =  0.2829
   R(e) [CT] =  26.7924
   R(f) [GT] =  1.0000
   gamma shape = 0.4000 
 
   Model = SYM+I+G
   partition = 012345
   -lnL = 1915.7035
   K = 11
   R(a) [AC] =  7.9806
   R(b) [AG] =  12.7339
   R(c) [AT] =  3.3228
   R(d) [CG] =  0.2538
   R(e) [CT] =  27.5336
   R(f) [GT] =  1.0000
   p-inv = 0.2070
   gamma shape = 0.6440 
 
   Model = GTR
   partition = 012345
   -lnL = 1885.5281
   K = 12
   freqA = 0.2657 
   freqC = 0.3288 
   freqG = 0.1447 
   freqT = 0.2609 
   R(a) [AC] =  4.7769
   R(b) [AG] =  12.1339
   R(c) [AT] =  2.5158
   R(d) [CG] =  0.8373
   R(e) [CT] =  14.0258
   R(f) [GT] =  1.0000 
 
   Model = GTR+I
   partition = 012345
   -lnL = 1874.0198
   K = 13
   freqA = 0.2734 
   freqC = 0.3480 
   freqG = 0.1388 
   freqT = 0.2398 
   R(a) [AC] =  5.8647
   R(b) [AG] =  18.1330
   R(c) [AT] =  1.4408
   R(d) [CG] =  0.3014
   R(e) [CT] =  78.5286
   R(f) [GT] =  1.0000
   p-inv = 0.7190 
 
   Model = GTR+G
   partition = 012345
   -lnL = 1874.9363
   K = 13
   freqA = 0.2739 
   freqC = 0.3469 
   freqG = 0.1378 
   freqT = 0.2415 
   R(a) [AC] =  5.4970
   R(b) [AG] =  17.8850
   R(c) [AT] =  1.0469
   R(d) [CG] =  0.0017
   R(e) [CT] =  62.4915
   R(f) [GT] =  1.0000
   gamma shape = 0.0700 
 
   Model = GTR+I+G
   partition = 012345
   -lnL = 1874.9372
   K = 14
   freqA = 0.2738 
   freqC = 0.3469 
   freqG = 0.1377 
   freqT = 0.2416 
   R(a) [AC] =  5.4799
   R(b) [AG] =  17.8497
   R(c) [AT] =  1.0493
   R(d) [CG] =  0.0011
   R(e) [CT] =  62.2146
   R(f) [GT] =  1.0000
   p-inv = 0.0000
   gamma shape = 0.0700 
 
  Best-fit models should be reoptimized for comparison with unconstrained likelihood
 
Computation of likelihood scores completed. It took 00h:00:01:05.
 



---------------------------------------------------------------
*                                                             *
*             BAYESIAN INFORMATION CRITERION (BIC)            *
*                                                             *
---------------------------------------------------------------
 
 Sample size: 837.0
 
 Model selected: 
   Model = HKY+I
   partition = 010010
   -lnL = 1879.8340
   K = 9
   freqA = 0.2802 
   freqC = 0.3512 
   freqG = 0.1266 
   freqT = 0.2421 
   kappa = 17.1922 (ti/tv = 8.5829)
   p-inv = 0.7430 
 
Tree for the best BIC model = (Cynodon_gibbus:0.18637926,Hydrolycus_scomberoides:0.26475882,Rhaphiodon_vulpinus:0.33326868);
 
 
* BIC MODEL SELECTION : Selection uncertainty
 
Model             -lnL    K      BIC       delta       weight   cumWeight
------------------------------------------------------------------------- 
HKY+I       1879.83401    9  3820.236437   0.000000    0.515203   0.515203 
HKY+G       1879.92350    9  3820.415417   0.178980    0.471100   0.986303 
HKY+I+G     1880.12363   10  3827.545501   7.309064    0.013330   0.999634 
GTR+I       1874.01983   13  3835.527373  15.290936    0.000246   0.999880 
GTR+G       1874.93632   13  3837.360353  17.123916   9.85e-005   0.999979 
HKY         1893.46151    8  3840.761613  20.525176   1.80e-005   0.999997 
GTR+I+G     1874.93722   14  3844.091977  23.855540   3.40e-006   1.000000 
GTR         1885.52806   12  3851.814009  31.577572   7.16e-008   1.000000 
SYM+G       1915.72889   10  3898.756021  78.519584   4.59e-018   1.000000 
SYM+I       1915.92993   10  3899.158101  78.921664   3.75e-018   1.000000 
SYM         1920.40916    9  3901.386737  81.150300   1.23e-018   1.000000 
SYM+I+G     1915.70346   11  3905.434985  85.198548   1.63e-019   1.000000 
K80+G       1934.33383    6  3909.046604  88.810168   2.67e-020   1.000000 
K80+I       1934.33913    6  3909.057204  88.820768   2.66e-020   1.000000 
K80         1939.05259    5  3911.754300  91.517864   6.90e-021   1.000000 
K80+I+G     1934.33332    7  3915.775408  95.538972   9.25e-022   1.000000 
F81+G       1936.18294    8  3926.204473  105.968036   5.03e-024   1.000000 
F81         1939.76097    7  3926.630708  106.394272   4.06e-024   1.000000 
F81+I       1936.96128    8  3927.761153  107.524716   2.31e-024   1.000000 
F81+I+G     1936.18293    9  3932.934277  112.697840   1.74e-025   1.000000 
JC          1986.07903    4  3999.077356  178.840920   7.54e-040   1.000000 
JC+G        1984.16772    5  4001.984560  181.748124   1.76e-040   1.000000 
JC+I        1984.27353    5  4002.196180  181.959744   1.58e-040   1.000000 
JC+I+G      1984.16771    6  4008.714364  188.477928   6.09e-042   1.000000
-------------------------------------------------------------------------
-lnL:	negative log likelihod
K:	number of estimated parameters
BIC:	Bayesian Information Criterion
delta:	BIC difference
weight:	BIC weight
cumWeight:	cumulative BIC weight
 
 
* BIC MODEL SELECTION : Confidence interval
 
There are 24 models in the 100% confidence interval: [ HKY+I HKY+G HKY+I+G GTR+I GTR+G HKY GTR+I+G GTR SYM+G SYM+I SYM SYM+I+G K80+G K80+I K80 K80+I+G F81+G F81 F81+I F81+I+G JC JC+G JC+I JC+I+G ] 
 
 
* BIC MODEL SELECTION : Best Model's command line
 
phyml  -i /tmp/jmodeltest8418777704177504091.phy -d nt -n 1 -b 0 --run_id HKY+I -m 010010 -f m -v e -c 1 --no_memory_check --r_seed 12345 -o tlr -s BEST
 
 
 
---------------------------------------------------------------
*                                                             *
*                    SELECTION SUMMARY                        *
*                                                             *
---------------------------------------------------------------

::Optimized Topologies Summary::

There are 1 different topologies.

Topology Id: 1
	Rank	Weight		 RF	AvgEucl		VarEucl
BIC	  1	100.00%		  0	2.53e-01	1.54e-02
Models supporting:   24
                     JC JC+I JC+G JC+I+G F81 F81+I F81+G F81+I+G K80 K80+I K80+G K80+I+G HKY HKY+I HKY+G 
                     HKY+I+G SYM SYM+I SYM+G SYM+I+G GTR GTR+I GTR+G GTR+I+G 

 
 
 
::Best Models::
 
	Model 		f(a) 	f(c) 	f(g) 	f(t) 	kappa 	titv 	Ra	Rb	Rc	Rd	Re	Rf	pInv 	gamma
----------------------------------------------------------------------------------------------------------------------------------------
BIC 	HKY+I		0.28	0.35	0.13	0.24	17.19	8.58	  1.000  17.192   1.000   1.000  17.192   1.000    0.74	N/A
