-------------------------- jModeltest 2.1.10 v20160303 --------------------------
(c) 2011-onwards D. Darriba, G.L. Taboada, R. Doallo and D. Posada,
(1) Department of Biochemistry, Genetics and Immunology
    University of Vigo, 36310 Vigo, Spain.
(2) Department of Electronics and Systems
    University of A Coruna, 15071 A Coruna, Spain.
e-mail: ddarriba@udc.es, dposada@uvigo.es
--------------------------------------------------------------------------------
 
Tue May 05 12:01:40 BRT 2020
Linux 4.15.0-99-generic, arch: amd64, bits: 64, numcores: 4
 
--------------------------------------------------------------------------------
Citation: Darriba D, Taboada GL, Doallo R and Posada D. 2012.
          "jModelTest 2: more models, new heuristics and parallel computing".
          Nature Methods 9(8), 772.
--------------------------------------------------------------------------------
 
jModelTest 2.1.10 v20160303
Copyright (C) 2011 D. Darriba, G.L. Taboada, R. Doallo and D. Posada
This program comes with ABSOLUTELY NO WARRANTY
This is free software, and you are welcome to redistribute it under certain
conditions
 
Notice: This program may contain errors. Please inspect results carefully.
 
 
Arguments = -BIC -d Myh6.fa.renamed.fasta.aligned.fasta.trimmed.fasta -f -i -g 4 -s 3 -t ML -tr 4 -o Myh6.fa.renamed.fasta.aligned.fasta.trimmed.fasta12.01_05_05_2020.out

Reading data file "Myh6.fa.renamed.fasta.aligned.fasta.trimmed.fasta"... OK.
  number of sequences: 3
  number of sites: 743
 
 
---------------------------------------------------------------
*                                                             *
*        COMPUTATION OF LIKELIHOOD SCORES WITH PHYML          *
*                                                             *
---------------------------------------------------------------
 
::Settings::
 
 Phyml version = 20131022
 Phyml binary = phyml
 Phyml path = /home/balleng/programs/jmodeltest2/dist/exe/phyml/
 Candidate models = 24
   number of substitution schemes = 3
   including models with equal/unequal base frequencies (+F)
   including models with/without a proportion of invariable sites (+I)
   including models with/without rate variation among sites (+G) (nCat = 4)
 Optimized free parameters (K) = substitution parameters + 3 branch lengths + topology 
 Base tree for likelihood calculations = ML tree
 Tree topology search operation = BEST
 
 
 
::Progress::
 
Model 		 Exec. Time 	 Total Time 	 -lnL
-------------------------------------------------------------------------
HKY+I+G		00h:00:00:01	00h:00:00:01	    1217.8447	 (1/24)
F81+I+G		00h:00:00:01	00h:00:00:01	    1231.3306	 (2/24)
JC+I+G		00h:00:00:01	00h:00:00:01	    1240.7649	 (3/24)
F81+G		00h:00:00:00	00h:00:00:01	    1231.3306	 (4/24)
GTR+I+G		00h:00:00:02	00h:00:00:02	    1211.0768	 (5/24)
K80+I+G		00h:00:00:01	00h:00:00:02	    1227.2837	 (6/24)
HKY+G		00h:00:00:00	00h:00:00:02	    1217.8827	 (7/24)
K80+G		00h:00:00:00	00h:00:00:02	    1227.3355	 (8/24)
JC+G		00h:00:00:00	00h:00:00:02	    1240.7649	 (9/24)
SYM+I+G		00h:00:00:01	00h:00:00:02	    1221.4567	 (10/24)
F81+I		00h:00:00:00	00h:00:00:03	    1231.4773	 (11/24)
GTR+G		00h:00:00:01	00h:00:00:03	    1211.0754	 (12/24)
JC+I		00h:00:00:00	00h:00:00:03	    1240.9466	 (13/24)
SYM+G		00h:00:00:02	00h:00:00:04	    1221.4536	 (14/24)
HKY+I		00h:00:00:02	00h:00:00:04	    1217.8659	 (15/24)
F81		00h:00:00:00	00h:00:00:04	    1231.7345	 (16/24)
HKY		00h:00:00:00	00h:00:00:04	    1218.7456	 (17/24)
K80+I		00h:00:00:02	00h:00:00:05	    1227.2914	 (18/24)
GTR		00h:00:00:00	00h:00:00:05	    1211.5192	 (19/24)
JC		00h:00:00:00	00h:00:00:05	    1241.2195	 (20/24)
K80		00h:00:00:00	00h:00:00:06	    1228.2380	 (21/24)
SYM		00h:00:00:00	00h:00:00:06	    1221.9673	 (22/24)
GTR+I		00h:00:00:04	00h:00:00:06	    1211.0865	 (23/24)
SYM+I		00h:00:00:03	00h:00:00:07	    1221.4646	 (24/24)
 
   Model = JC
   partition = 000000
   -lnL = 1241.2195
   K = 4 
 
   Model = JC+I
   partition = 000000
   -lnL = 1240.9466
   K = 5
   p-inv = 0.3680 
 
   Model = JC+G
   partition = 000000
   -lnL = 1240.7649
   K = 5
   gamma shape = 0.2440 
 
   Model = JC+I+G
   partition = 000000
   -lnL = 1240.7649
   K = 6
   p-inv = 0.2180
   gamma shape = 0.4460 
 
   Model = F81
   partition = 000000
   -lnL = 1231.7345
   K = 7
   freqA = 0.3125 
   freqC = 0.2053 
   freqG = 0.2314 
   freqT = 0.2508  
 
   Model = F81+I
   partition = 000000
   -lnL = 1231.4773
   K = 8
   freqA = 0.3125 
   freqC = 0.2053 
   freqG = 0.2314 
   freqT = 0.2509 
   p-inv = 0.3670 
 
   Model = F81+G
   partition = 000000
   -lnL = 1231.3306
   K = 8
   freqA = 0.3124 
   freqC = 0.2053 
   freqG = 0.2314 
   freqT = 0.2509 
   gamma shape = 0.2950 
 
   Model = F81+I+G
   partition = 000000
   -lnL = 1231.3306
   K = 9
   freqA = 0.3124 
   freqC = 0.2053 
   freqG = 0.2314 
   freqT = 0.2509 
   p-inv = 0.2170
   gamma shape = 0.5300 
 
   Model = K80
   partition = 010010
   -lnL = 1228.2379
   K = 5
   kappa = 6.5459 (ti/tv = 3.2729) 
 
   Model = K80+I
   partition = 010010
   -lnL = 1227.2914
   K = 6
   kappa = 7.2231 (ti/tv = 3.6116)
   p-inv = 0.7900 
 
   Model = K80+G
   partition = 010010
   -lnL = 1227.3355
   K = 6
   kappa = 7.0701 (ti/tv = 3.5351)
   gamma shape = 0.0370 
 
   Model = K80+I+G
   partition = 010010
   -lnL = 1227.2837
   K = 7
   kappa = 7.2736 (ti/tv = 3.6368)
   p-inv = 0.1980
   gamma shape = 0.0120 
 
   Model = HKY
   partition = 010010
   -lnL = 1218.7456
   K = 8
   freqA = 0.3123 
   freqC = 0.2056 
   freqG = 0.2298 
   freqT = 0.2522 
   kappa = 6.5568 (ti/tv = 3.2660) 
 
   Model = HKY+I
   partition = 010010
   -lnL = 1217.8659
   K = 9
   freqA = 0.3123 
   freqC = 0.2055 
   freqG = 0.2304 
   freqT = 0.2518 
   kappa = 7.1742 (ti/tv = 3.5758)
   p-inv = 0.7670 
 
   Model = HKY+G
   partition = 010010
   -lnL = 1217.8827
   K = 9
   freqA = 0.3123 
   freqC = 0.2055 
   freqG = 0.2304 
   freqT = 0.2519 
   kappa = 7.1194 (ti/tv = 3.5483)
   gamma shape = 0.0360 
 
   Model = HKY+I+G
   partition = 010010
   -lnL = 1217.8447
   K = 10
   freqA = 0.3123 
   freqC = 0.2055 
   freqG = 0.2306 
   freqT = 0.2517 
   kappa = 7.3365 (ti/tv = 3.6573)
   p-inv = 0.1970
   gamma shape = 0.0130 
 
   Model = SYM
   partition = 012345
   -lnL = 1221.9673
   K = 9
   R(a) [AC] =  0.9367
   R(b) [AG] =  2.2332
   R(c) [AT] =  0.0004
   R(d) [CG] =  0.0004
   R(e) [CT] =  4.3870
   R(f) [GT] =  1.0000 
 
   Model = SYM+I
   partition = 012345
   -lnL = 1221.4646
   K = 10
   R(a) [AC] =  0.9435
   R(b) [AG] =  2.3027
   R(c) [AT] =  0.0004
   R(d) [CG] =  0.0004
   R(e) [CT] =  4.5843
   R(f) [GT] =  1.0000
   p-inv = 0.6330 
 
   Model = SYM+G
   partition = 012345
   -lnL = 1221.4536
   K = 10
   R(a) [AC] =  0.9455
   R(b) [AG] =  2.3232
   R(c) [AT] =  0.0004
   R(d) [CG] =  0.0004
   R(e) [CT] =  4.6475
   R(f) [GT] =  1.0000
   gamma shape = 0.1970 
 
   Model = SYM+I+G
   partition = 012345
   -lnL = 1221.4567
   K = 11
   R(a) [AC] =  0.9461
   R(b) [AG] =  2.3243
   R(c) [AT] =  0.0005
   R(d) [CG] =  0.0005
   R(e) [CT] =  4.6464
   R(f) [GT] =  1.0000
   p-inv = 0.2090
   gamma shape = 0.3670 
 
   Model = GTR
   partition = 012345
   -lnL = 1211.5192
   K = 12
   freqA = 0.3162 
   freqC = 0.2019 
   freqG = 0.2329 
   freqT = 0.2490 
   R(a) [AC] =  0.9140
   R(b) [AG] =  2.0022
   R(c) [AT] =  0.0004
   R(d) [CG] =  0.0004
   R(e) [CT] =  4.7374
   R(f) [GT] =  1.0000 
 
   Model = GTR+I
   partition = 012345
   -lnL = 1211.0865
   K = 13
   freqA = 0.3161 
   freqC = 0.2019 
   freqG = 0.2330 
   freqT = 0.2490 
   R(a) [AC] =  0.9177
   R(b) [AG] =  2.0478
   R(c) [AT] =  0.0004
   R(d) [CG] =  0.0004
   R(e) [CT] =  4.9285
   R(f) [GT] =  1.0000
   p-inv = 0.5960 
 
   Model = GTR+G
   partition = 012345
   -lnL = 1211.0754
   K = 13
   freqA = 0.3161 
   freqC = 0.2020 
   freqG = 0.2330 
   freqT = 0.2490 
   R(a) [AC] =  0.9198
   R(b) [AG] =  2.0646
   R(c) [AT] =  0.0004
   R(d) [CG] =  0.0004
   R(e) [CT] =  4.9916
   R(f) [GT] =  1.0000
   gamma shape = 0.2620 
 
   Model = GTR+I+G
   partition = 012345
   -lnL = 1211.0768
   K = 14
   freqA = 0.3161 
   freqC = 0.2020 
   freqG = 0.2330 
   freqT = 0.2490 
   R(a) [AC] =  0.9202
   R(b) [AG] =  2.0659
   R(c) [AT] =  0.0004
   R(d) [CG] =  0.0004
   R(e) [CT] =  4.9922
   R(f) [GT] =  1.0000
   p-inv = 0.2000
   gamma shape = 0.4520 
 
  Best-fit models should be reoptimized for comparison with unconstrained likelihood
 
Computation of likelihood scores completed. It took 00h:00:00:07.
 



---------------------------------------------------------------
*                                                             *
*             BAYESIAN INFORMATION CRITERION (BIC)            *
*                                                             *
---------------------------------------------------------------
 
 Sample size: 743.0
 
 Model selected: 
   Model = K80
   partition = 010010
   -lnL = 1228.2379
   K = 5
   kappa = 6.5459 (ti/tv = 3.2729) 
 
Tree for the best BIC model = (Cynodon_gibbus:0.02025680,Hydrolycus_scomberoides:0.01211528,Rhaphiodon_vulpinus:0.01443367);
 
 
* BIC MODEL SELECTION : Selection uncertainty
 
Model             -lnL    K      BIC       delta       weight   cumWeight
------------------------------------------------------------------------- 
K80         1228.23795    5  2489.529380   0.000000    0.509405   0.509405 
HKY         1218.74562    8  2490.376808   0.847428    0.333462   0.842867 
K80+I       1227.29138    6  2494.246936   4.717556    0.048157   0.891024 
K80+G       1227.33552    6  2494.335216   4.805836    0.046078   0.937101 
HKY+I       1217.86589    9  2495.228044   5.698664    0.029486   0.966587 
HKY+G       1217.88273    9  2495.261724   5.732344    0.028993   0.995581 
K80+I+G     1227.28366    7  2500.842192  11.312812    0.001780   0.997361 
HKY+I+G     1217.84472   10  2501.796400  12.267020    0.001105   0.998466 
GTR         1211.51923   12  2502.366813  12.837432    0.000831   0.999297 
SYM         1221.96733    9  2503.430924  13.901544    0.000488   0.999785 
GTR+G       1211.07537   13  2508.089789  18.560408   4.75e-005   0.999832 
GTR+I       1211.08645   13  2508.111949  18.582568   4.70e-005   0.999879 
JC          1241.21950    4  2508.881784  19.352404   3.20e-005   0.999911 
SYM+G       1221.45357   10  2509.014100  19.484720   2.99e-005   0.999941 
SYM+I       1221.46459   10  2509.036140  19.506760   2.96e-005   0.999971 
F81         1231.73448    7  2509.743832  20.214452   2.08e-005   0.999992 
JC+G        1240.76491    5  2514.583300  25.053920   1.85e-006   0.999993 
GTR+I+G     1211.07677   14  2514.703285  25.173904   1.74e-006   0.999995 
JC+I        1240.94662    5  2514.946720  25.417340   1.54e-006   0.999997 
F81+G       1231.33064    8  2515.546848  26.017468   1.14e-006   0.999998 
SYM+I+G     1221.45671   11  2515.631076  26.101696   1.09e-006   0.999999 
F81+I       1231.47730    8  2515.840168  26.310788   9.86e-007   1.000000 
JC+I+G      1240.76491    6  2521.193996  31.664616   6.78e-008   1.000000 
F81+I+G     1231.33064    9  2522.157544  32.628164   4.19e-008   1.000000
-------------------------------------------------------------------------
-lnL:	negative log likelihod
K:	number of estimated parameters
BIC:	Bayesian Information Criterion
delta:	BIC difference
weight:	BIC weight
cumWeight:	cumulative BIC weight
 
 
* BIC MODEL SELECTION : Confidence interval
 
There are 24 models in the 100% confidence interval: [ K80 HKY K80+I K80+G HKY+I HKY+G K80+I+G HKY+I+G GTR SYM GTR+G GTR+I JC SYM+G SYM+I F81 JC+G GTR+I+G JC+I F81+G SYM+I+G F81+I JC+I+G F81+I+G ] 
 
 
* BIC MODEL SELECTION : Best Model's command line
 
phyml  -i /tmp/jmodeltest141386468580466104.phy -d nt -n 1 -b 0 --run_id K80 -m 010010 -f 0.25,0.25,0.25,0.25 -c 1 --no_memory_check --r_seed 12345 -o tlr -s BEST
 
 
 
---------------------------------------------------------------
*                                                             *
*                    SELECTION SUMMARY                        *
*                                                             *
---------------------------------------------------------------

::Optimized Topologies Summary::

There are 1 different topologies.

Topology Id: 1
	Rank	Weight		 RF	AvgEucl		VarEucl
BIC	  1	100.00%		  0	1.54e-03	1.04e-06
Models supporting:   24
                     JC JC+I JC+G JC+I+G F81 F81+I F81+G F81+I+G K80 K80+I K80+G K80+I+G HKY HKY+I HKY+G 
                     HKY+I+G SYM SYM+I SYM+G SYM+I+G GTR GTR+I GTR+G GTR+I+G 

 
 
 
::Best Models::
 
	Model 		f(a) 	f(c) 	f(g) 	f(t) 	kappa 	titv 	Ra	Rb	Rc	Rd	Re	Rf	pInv 	gamma
----------------------------------------------------------------------------------------------------------------------------------------
BIC 	K80		0.25	0.25	0.25	0.25	6.55	3.27	  1.000   6.546   1.000   1.000   6.546   1.000 N/A	N/A
