-------------------------- jModeltest 2.1.10 v20160303 --------------------------
(c) 2011-onwards D. Darriba, G.L. Taboada, R. Doallo and D. Posada,
(1) Department of Biochemistry, Genetics and Immunology
    University of Vigo, 36310 Vigo, Spain.
(2) Department of Electronics and Systems
    University of A Coruna, 15071 A Coruna, Spain.
e-mail: ddarriba@udc.es, dposada@uvigo.es
--------------------------------------------------------------------------------
 
Tue May 05 12:01:41 BRT 2020
Linux 4.15.0-99-generic, arch: amd64, bits: 64, numcores: 4
 
--------------------------------------------------------------------------------
Citation: Darriba D, Taboada GL, Doallo R and Posada D. 2012.
          "jModelTest 2: more models, new heuristics and parallel computing".
          Nature Methods 9(8), 772.
--------------------------------------------------------------------------------
 
jModelTest 2.1.10 v20160303
Copyright (C) 2011 D. Darriba, G.L. Taboada, R. Doallo and D. Posada
This program comes with ABSOLUTELY NO WARRANTY
This is free software, and you are welcome to redistribute it under certain
conditions
 
Notice: This program may contain errors. Please inspect results carefully.
 
 
Arguments = -BIC -d RAG1.fa.renamed.fasta.aligned.fasta.trimmed.fasta -f -i -g 4 -s 3 -t ML -tr 4 -o RAG1.fa.renamed.fasta.aligned.fasta.trimmed.fasta12.01_05_05_2020.out

Reading data file "RAG1.fa.renamed.fasta.aligned.fasta.trimmed.fasta"... OK.
  number of sequences: 4
  number of sites: 1265
 
 
---------------------------------------------------------------
*                                                             *
*        COMPUTATION OF LIKELIHOOD SCORES WITH PHYML          *
*                                                             *
---------------------------------------------------------------
 
::Settings::
 
 Phyml version = 20131022
 Phyml binary = phyml
 Phyml path = /home/balleng/programs/jmodeltest2/dist/exe/phyml/
 Candidate models = 24
   number of substitution schemes = 3
   including models with equal/unequal base frequencies (+F)
   including models with/without a proportion of invariable sites (+I)
   including models with/without rate variation among sites (+G) (nCat = 4)
 Optimized free parameters (K) = substitution parameters + 5 branch lengths + topology 
 Base tree for likelihood calculations = ML tree
 Tree topology search operation = BEST
 
 
 
::Progress::
 
Model 		 Exec. Time 	 Total Time 	 -lnL
-------------------------------------------------------------------------
F81+I+G		00h:00:00:01	00h:00:00:01	    2157.7699	 (1/24)
JC+I+G		00h:00:00:02	00h:00:00:02	    2160.6127	 (2/24)
HKY+I+G		00h:00:00:02	00h:00:00:02	    2133.7858	 (3/24)
GTR+I+G		00h:00:00:02	00h:00:00:02	    2131.4257	 (4/24)
F81+G		00h:00:00:01	00h:00:00:03	    2157.7700	 (5/24)
HKY+G		00h:00:00:01	00h:00:00:03	    2133.7860	 (6/24)
K80+I+G		00h:00:00:02	00h:00:00:04	    2136.4482	 (7/24)
GTR+G		00h:00:00:01	00h:00:00:04	    2131.4256	 (8/24)
SYM+I+G		00h:00:00:02	00h:00:00:04	    2134.8000	 (9/24)
JC+G		00h:00:00:01	00h:00:00:04	    2160.6128	 (10/24)
F81+I		00h:00:00:00	00h:00:00:05	    2157.8026	 (11/24)
K80+G		00h:00:00:01	00h:00:00:05	    2136.4484	 (12/24)
SYM+G		00h:00:00:01	00h:00:00:05	    2134.7998	 (13/24)
JC+I		00h:00:00:00	00h:00:00:05	    2160.6456	 (14/24)
HKY+I		00h:00:00:02	00h:00:00:06	    2133.8259	 (15/24)
SYM+I		00h:00:00:01	00h:00:00:07	    2134.8360	 (16/24)
F81		00h:00:00:00	00h:00:00:07	    2157.8351	 (17/24)
GTR+I		00h:00:00:02	00h:00:00:07	    2131.4622	 (18/24)
HKY		00h:00:00:00	00h:00:00:07	    2134.0390	 (19/24)
JC		00h:00:00:00	00h:00:00:07	    2160.6795	 (20/24)
K80+I		00h:00:00:02	00h:00:00:07	    2136.4872	 (21/24)
GTR		00h:00:00:01	00h:00:00:07	    2131.6538	 (22/24)
K80		00h:00:00:00	00h:00:00:07	    2136.6941	 (23/24)
SYM		00h:00:00:00	00h:00:00:08	    2135.0431	 (24/24)
 
   Model = JC
   partition = 000000
   -lnL = 2160.6795
   K = 6 
 
   Model = JC+I
   partition = 000000
   -lnL = 2160.6456
   K = 7
   p-inv = 0.1980 
 
   Model = JC+G
   partition = 000000
   -lnL = 2160.6128
   K = 7
   gamma shape = 2.6040 
 
   Model = JC+I+G
   partition = 000000
   -lnL = 2160.6127
   K = 8
   p-inv = 0.2080
   gamma shape = 20.6940 
 
   Model = F81
   partition = 000000
   -lnL = 2157.8351
   K = 9
   freqA = 0.2568 
   freqC = 0.2272 
   freqG = 0.2716 
   freqT = 0.2445  
 
   Model = F81+I
   partition = 000000
   -lnL = 2157.8026
   K = 10
   freqA = 0.2568 
   freqC = 0.2272 
   freqG = 0.2716 
   freqT = 0.2445 
   p-inv = 0.1980 
 
   Model = F81+G
   partition = 000000
   -lnL = 2157.7700
   K = 10
   freqA = 0.2568 
   freqC = 0.2272 
   freqG = 0.2716 
   freqT = 0.2444 
   gamma shape = 2.6700 
 
   Model = F81+I+G
   partition = 000000
   -lnL = 2157.7699
   K = 11
   freqA = 0.2568 
   freqC = 0.2272 
   freqG = 0.2716 
   freqT = 0.2444 
   p-inv = 0.2080
   gamma shape = 25.3880 
 
   Model = K80
   partition = 010010
   -lnL = 2136.6941
   K = 7
   kappa = 6.0075 (ti/tv = 3.0038) 
 
   Model = K80+I
   partition = 010010
   -lnL = 2136.4872
   K = 8
   kappa = 6.1090 (ti/tv = 3.0545)
   p-inv = 0.3890 
 
   Model = K80+G
   partition = 010010
   -lnL = 2136.4484
   K = 8
   kappa = 6.1979 (ti/tv = 3.0990)
   gamma shape = 0.5530 
 
   Model = K80+I+G
   partition = 010010
   -lnL = 2136.4482
   K = 9
   kappa = 6.2006 (ti/tv = 3.1003)
   p-inv = 0.1900
   gamma shape = 0.9280 
 
   Model = HKY
   partition = 010010
   -lnL = 2134.0390
   K = 10
   freqA = 0.2559 
   freqC = 0.2278 
   freqG = 0.2711 
   freqT = 0.2453 
   kappa = 5.9696 (ti/tv = 2.9989) 
 
   Model = HKY+I
   partition = 010010
   -lnL = 2133.8259
   K = 11
   freqA = 0.2557 
   freqC = 0.2279 
   freqG = 0.2713 
   freqT = 0.2451 
   kappa = 6.0747 (ti/tv = 3.0518)
   p-inv = 0.3960 
 
   Model = HKY+G
   partition = 010010
   -lnL = 2133.7859
   K = 11
   freqA = 0.2556 
   freqC = 0.2280 
   freqG = 0.2714 
   freqT = 0.2450 
   kappa = 6.1680 (ti/tv = 3.0988)
   gamma shape = 0.5350 
 
   Model = HKY+I+G
   partition = 010010
   -lnL = 2133.7858
   K = 12
   freqA = 0.2556 
   freqC = 0.2280 
   freqG = 0.2714 
   freqT = 0.2450 
   kappa = 6.1709 (ti/tv = 3.1002)
   p-inv = 0.1900
   gamma shape = 0.8900 
 
   Model = SYM
   partition = 012345
   -lnL = 2135.0431
   K = 11
   R(a) [AC] =  0.6971
   R(b) [AG] =  4.5218
   R(c) [AT] =  0.9102
   R(d) [CG] =  1.2239
   R(e) [CT] =  7.2272
   R(f) [GT] =  1.0000 
 
   Model = SYM+I
   partition = 012345
   -lnL = 2134.8360
   K = 12
   R(a) [AC] =  0.6926
   R(b) [AG] =  4.5588
   R(c) [AT] =  0.9156
   R(d) [CG] =  1.2077
   R(e) [CT] =  7.3672
   R(f) [GT] =  1.0000
   p-inv = 0.3900 
 
   Model = SYM+G
   partition = 012345
   -lnL = 2134.7998
   K = 12
   R(a) [AC] =  0.6898
   R(b) [AG] =  4.5968
   R(c) [AT] =  0.9216
   R(d) [CG] =  1.1947
   R(e) [CT] =  7.5052
   R(f) [GT] =  1.0000
   gamma shape = 0.5450 
 
   Model = SYM+I+G
   partition = 012345
   -lnL = 2134.8000
   K = 13
   R(a) [AC] =  0.6897
   R(b) [AG] =  4.5961
   R(c) [AT] =  0.9215
   R(d) [CG] =  1.1953
   R(e) [CT] =  7.4995
   R(f) [GT] =  1.0000
   p-inv = 0.1940
   gamma shape = 0.9390 
 
   Model = GTR
   partition = 012345
   -lnL = 2131.6538
   K = 14
   freqA = 0.2591 
   freqC = 0.2250 
   freqG = 0.2733 
   freqT = 0.2426 
   R(a) [AC] =  0.7432
   R(b) [AG] =  4.3696
   R(c) [AT] =  0.9361
   R(d) [CG] =  1.2789
   R(e) [CT] =  7.9479
   R(f) [GT] =  1.0000 
 
   Model = GTR+I
   partition = 012345
   -lnL = 2131.4622
   K = 15
   freqA = 0.2590 
   freqC = 0.2252 
   freqG = 0.2735 
   freqT = 0.2424 
   R(a) [AC] =  0.7399
   R(b) [AG] =  4.4093
   R(c) [AT] =  0.9407
   R(d) [CG] =  1.2627
   R(e) [CT] =  8.1074
   R(f) [GT] =  1.0000
   p-inv = 0.3730 
 
   Model = GTR+G
   partition = 012345
   -lnL = 2131.4256
   K = 15
   freqA = 0.2589 
   freqC = 0.2254 
   freqG = 0.2735 
   freqT = 0.2422 
   R(a) [AC] =  0.7369
   R(b) [AG] =  4.4449
   R(c) [AT] =  0.9468
   R(d) [CG] =  1.2498
   R(e) [CT] =  8.2441
   R(f) [GT] =  1.0000
   gamma shape = 0.5870 
 
   Model = GTR+I+G
   partition = 012345
   -lnL = 2131.4257
   K = 16
   freqA = 0.2589 
   freqC = 0.2254 
   freqG = 0.2736 
   freqT = 0.2422 
   R(a) [AC] =  0.7369
   R(b) [AG] =  4.4445
   R(c) [AT] =  0.9468
   R(d) [CG] =  1.2493
   R(e) [CT] =  8.2467
   R(f) [GT] =  1.0000
   p-inv = 0.1950
   gamma shape = 1.0110 
 
  Best-fit models should be reoptimized for comparison with unconstrained likelihood
 
Computation of likelihood scores completed. It took 00h:00:00:08.
 



---------------------------------------------------------------
*                                                             *
*             BAYESIAN INFORMATION CRITERION (BIC)            *
*                                                             *
---------------------------------------------------------------
 
 Sample size: 1265.0
 
 Model selected: 
   Model = K80
   partition = 010010
   -lnL = 2136.6941
   K = 7
   kappa = 6.0075 (ti/tv = 3.0038) 
 
Tree for the best BIC model = (Hydrolycus_armatus:0.00000001,Hydrolycus_scomberoides:0.00000005,(Cynodon_gibbus:0.01238564,Rhaphiodon_vulpinus:0.02364001):0.01831174);
 
 
* BIC MODEL SELECTION : Selection uncertainty
 
Model             -lnL    K      BIC       delta       weight   cumWeight
------------------------------------------------------------------------- 
K80         2136.69413    7  4323.388052   0.000000    0.932939   0.932939 
K80+G       2136.44835    8  4330.039319   6.651267    0.033539   0.966477 
K80+I       2136.48723    8  4330.117079   6.729027    0.032260   0.998737 
K80+I+G     2136.44821    9  4337.181867  13.793815    0.000943   0.999680 
HKY         2134.03897   10  4339.506214  16.118162    0.000295   0.999975 
HKY+G       2133.78595   11  4346.143001  22.754950   1.07e-005   0.999986 
HKY+I       2133.82594   11  4346.222981  22.834930   1.03e-005   0.999996 
SYM         2135.04312   11  4348.657341  25.269290   3.04e-006   0.999999 
HKY+I+G     2133.78575   12  4353.285429  29.897377   3.00e-007   1.000000 
SYM+G       2134.79981   12  4355.313549  31.925497   1.09e-007   1.000000 
SYM+I       2134.83602   12  4355.385969  31.997917   1.05e-007   1.000000 
SYM+I+G     2134.80000   13  4362.456756  39.068704   3.06e-009   1.000000 
GTR         2131.65380   14  4363.307184  39.919132   2.00e-009   1.000000 
JC          2160.67948    6  4364.215924  40.827873   1.27e-009   1.000000 
GTR+G       2131.42562   15  4369.993651  46.605599   7.07e-011   1.000000 
GTR+I       2131.46222   15  4370.066851  46.678799   6.82e-011   1.000000 
JC+G        2160.61277    7  4371.225332  47.837280   3.82e-011   1.000000 
JC+I        2160.64560    7  4371.290992  47.902940   3.70e-011   1.000000 
GTR+I+G     2131.42567   16  4377.136578  53.748527   1.99e-012   1.000000 
JC+I+G      2160.61270    8  4378.368019  54.979967   1.07e-012   1.000000 
F81         2157.83508    9  4379.955607  56.567555   4.86e-013   1.000000 
F81+G       2157.76998   10  4386.968234  63.580182   1.46e-014   1.000000 
F81+I       2157.80256   10  4387.033394  63.645342   1.41e-014   1.000000 
F81+I+G     2157.76992   11  4394.110941  70.722890   4.10e-016   1.000000
-------------------------------------------------------------------------
-lnL:	negative log likelihod
K:	number of estimated parameters
BIC:	Bayesian Information Criterion
delta:	BIC difference
weight:	BIC weight
cumWeight:	cumulative BIC weight
 
 
* BIC MODEL SELECTION : Confidence interval
 
There are 24 models in the 100% confidence interval: [ K80 K80+G K80+I K80+I+G HKY HKY+G HKY+I SYM HKY+I+G SYM+G SYM+I SYM+I+G GTR JC GTR+G GTR+I JC+G JC+I GTR+I+G JC+I+G F81 F81+G F81+I F81+I+G ] 
 
 
* BIC MODEL SELECTION : Best Model's command line
 
phyml  -i /tmp/jmodeltest5320567936420338006.phy -d nt -n 1 -b 0 --run_id K80 -m 010010 -f 0.25,0.25,0.25,0.25 -c 1 --no_memory_check --r_seed 12345 -o tlr -s BEST
 
 
 
---------------------------------------------------------------
*                                                             *
*                    SELECTION SUMMARY                        *
*                                                             *
---------------------------------------------------------------

::Optimized Topologies Summary::

There are 1 different topologies.

Topology Id: 1
	Rank	Weight		 RF	AvgEucl		VarEucl
BIC	  1	100.00%		  0	6.42e-04	2.45e-07
Models supporting:   24
                     JC JC+I JC+G JC+I+G F81 F81+I F81+G F81+I+G K80 K80+I K80+G K80+I+G HKY HKY+I HKY+G 
                     HKY+I+G SYM SYM+I SYM+G SYM+I+G GTR GTR+I GTR+G GTR+I+G 

 
 
 
::Best Models::
 
	Model 		f(a) 	f(c) 	f(g) 	f(t) 	kappa 	titv 	Ra	Rb	Rc	Rd	Re	Rf	pInv 	gamma
----------------------------------------------------------------------------------------------------------------------------------------
BIC 	K80		0.25	0.25	0.25	0.25	6.01	3.00	  1.000   6.008   1.000   1.000   6.008   1.000 N/A	N/A
